[38;5;86m[HTTP][0m [37m-->[39m [37mPOST[39m [37m/session[39m [90m{"capabilities":{"alwaysMatch":{"platformName":"Android","appium:deviceName":"Resizable (Experimental) API 34","appium:platformVersion":"14.0","appium:automationName":"UiAutomator2","appium:app":"C:\\Users\\User\\Downloads\\appium-webdriverio-cucumber-master\\appium-webdriverio-cucumber-master\\app\\andriod\\Android-MyDemoAppRN.1.3.0.build-244.apk","appium:appActivity":"com.saucelabs.mydemoapp.rn.MainActivity","appium:appPackage":"com.saucelabs.mydemoapp.rn","appium:noReset":false,"appium:newCommandTimeout":180,"appium:fullReset":true},"firstMatch":[{}]},"desiredCapabilities":{"platformName":"Android","appium:deviceName":"Resizable (Experimental) API 34","appium:platformVersion":"14.0","appium:automationName":"UiAutomator2","appium:app":"C:\\Users\\User\\Downloads\\appium-webdriverio-cucumber-master\\appium-webdriverio-cucumber-master\\app\\andriod\\Android-MyDemoAppRN.1.3.0.build-244.apk","appium:appActivity":"com.saucelabs.mydemoapp.rn.MainActivity","appium:appPackage":"com.saucelabs.mydemoapp.rn","appiu...[39m
[38;5;89m[AppiumDriver@0c48][0m Calling AppiumDriver.createSession() with args: [{"platformName":"Android","appium:deviceName":"Resizable (Experimental) API 34","appium:platformVersion":"14.0","appium:automationName":"UiAutomator2","appium:app":"C:\\Users\\User\\Downloads\\appium-webdriverio-cucumber-master\\appium-webdriverio-cucumber-master\\app\\andriod\\Android-MyDemoAppRN.1.3.0.build-244.apk","appium:appActivity":"com.saucelabs.mydemoapp.rn.MainActivity","appium:appPackage":"com.saucelabs.mydemoapp.rn","appium:noReset":false,"appium:newCommandTimeout":180,"appium:fullReset":true},null,{"alwaysMatch":{"platformName":"Android","appium:deviceName":"Resizable (Experimental) API 34","appium:platformVersion":"14.0","appium:automationName":"UiAutomator2","appium:app":"C:\\Users\\User\\Downloads\\appium-webdriverio-cucumber-master\\appium-webdriverio-cucumber-master\\app\\andriod\\Android-MyDemoAppRN.1.3.0.build-244.apk","appium:appActivity":"com.saucelabs.mydemoapp.rn.MainActivity","appium:appPackage":"com.saucelabs.mydemoapp.rn","appium:noReset":false,"appium:newCommandTimeout":180,"ap...
[38;5;89m[AppiumDriver@0c48][0m Event 'newSessionRequested' logged at 1721546585893 (12:53:05 GMT+0530 (India Standard Time))
[38;5;112m[Appium][0m Attempting to find matching driver for automationName 'UiAutomator2' and platformName 'Android'
[38;5;112m[Appium][0m The 'uiautomator2' driver was installed and matched caps.
[38;5;112m[Appium][0m Will require it at C:\Users\User\Downloads\appium-webdriverio-cucumber-master\appium-webdriverio-cucumber-master\node_modules\appium-uiautomator2-driver
[38;5;112m[Appium][0m Requiring driver at C:\Users\User\Downloads\appium-webdriverio-cucumber-master\appium-webdriverio-cucumber-master\node_modules\appium-uiautomator2-driver\build\index.js
[38;5;89m[AppiumDriver@0c48][0m Appium v2.10.3 creating new AndroidUiautomator2Driver (v3.5.6) session
[38;5;89m[AppiumDriver@0c48][0m Checking BaseDriver versions for Appium and AndroidUiautomator2Driver
[38;5;89m[AppiumDriver@0c48][0m Appium's BaseDriver version is 9.10.3
[38;5;89m[AppiumDriver@0c48][0m AndroidUiautomator2Driver's BaseDriver version is 9.10.3
[38;5;-20m[AndroidUiautomator2Driver@702b][0m undefined
[38;5;-20m[AndroidUiautomator2Driver@702b][0m Creating session with W3C capabilities: {
  "alwaysMatch": {
    "platformName": "Android",
    "appium:deviceName": "Resizable (Experimental) API 34",
    "appium:platformVersion": "14.0",
    "appium:automationName": "UiAutomator2",
    "appium:app": "C:\\Users\\User\\Downloads\\appium-webdriverio-cucumber-master\\appium-webdriverio-cucumber-master\\app\\andriod\\Android-MyDemoAppRN.1.3.0.build-244.apk",
    "appium:appActivity": "com.saucelabs.mydemoapp.rn.MainActivity",
    "appium:appPackage": "com.saucelabs.mydemoapp.rn",
    "appium:noReset": false,
    "appium:newCommandTimeout": 180,
    "appium:fullReset": true
  },
  "firstMatch": [
    {}
  ]
}
[38;5;-20m[AndroidUiautomator2Driver@702b][0m Session created with session id: fa99a982-9b2c-4be8-b250-9af8d62ce905
[38;5;229m[ADB][0m Found 1 'build-tools' folders under 'C:\Users\User\AppData\Local\Android\Sdk' (newest first):
[38;5;229m[ADB][0m     C:\Users\User\AppData\Local\Android\Sdk\build-tools\35.0.0
[38;5;229m[ADB][0m Using 'adb.exe' from 'C:\Users\User\AppData\Local\Android\Sdk\platform-tools\adb.exe'
[38;5;229m[ADB][0m Running 'C:\Users\User\AppData\Local\Android\Sdk\platform-tools\adb.exe -P 5037 start-server'
[38;5;-20m[AndroidUiautomator2Driver@702b][0m Retrieving device list
[38;5;229m[ADB][0m Trying to find connected Android devices
[38;5;229m[ADB][0m Getting connected devices
[38;5;229m[ADB][0m Connected devices: [{"udid":"emulator-5554","state":"device"}]
[38;5;-20m[AndroidUiautomator2Driver@702b][0m Looking for a device with Android '14.0.0'
[38;5;229m[ADB][0m Setting device id to emulator-5554
[38;5;229m[ADB][0m Getting device platform version
[38;5;229m[ADB][0m Running 'C:\Users\User\AppData\Local\Android\Sdk\platform-tools\adb.exe -P 5037 -s emulator-5554 shell getprop ro.build.version.release'
[38;5;229m[ADB][0m Current device property 'ro.build.version.release': 14
[38;5;-20m[AndroidUiautomator2Driver@702b][0m Using device: emulator-5554
[38;5;229m[ADB][0m Using 'adb.exe' from 'C:\Users\User\AppData\Local\Android\Sdk\platform-tools\adb.exe'
[38;5;229m[ADB][0m Running 'C:\Users\User\AppData\Local\Android\Sdk\platform-tools\adb.exe -P 5037 start-server'
[38;5;229m[ADB][0m Setting device id to emulator-5554
[38;5;123m[BaseDriver][0m Using local app 'C:\Users\User\Downloads\appium-webdriverio-cucumber-master\appium-webdriverio-cucumber-master\app\andriod\Android-MyDemoAppRN.1.3.0.build-244.apk'
[38;5;-20m[AndroidUiautomator2Driver@702b][0m Checking whether app is actually present
[38;5;229m[ADB][0m Running 'C:\Users\User\AppData\Local\Android\Sdk\platform-tools\adb.exe -P 5037 -s emulator-5554 shell getprop ro.build.version.sdk'
[38;5;229m[ADB][0m Current device property 'ro.build.version.sdk': 34
[38;5;229m[ADB][0m Getting device platform version
[38;5;229m[ADB][0m Running 'C:\Users\User\AppData\Local\Android\Sdk\platform-tools\adb.exe -P 5037 -s emulator-5554 shell getprop ro.build.version.release'
[38;5;229m[ADB][0m Current device property 'ro.build.version.release': 14
[38;5;229m[ADB][0m Device API level: 34
[38;5;-20m[AndroidUiautomator2Driver@702b][0m Relaxing hidden api policy
[38;5;229m[ADB][0m Running 'C:\Users\User\AppData\Local\Android\Sdk\platform-tools\adb.exe -P 5037 -s emulator-5554 shell 'settings put global hidden_api_policy_pre_p_apps 1;settings put global hidden_api_policy_p_apps 1;settings put global hidden_api_policy 1''
[38;5;229m[ADB][0m Running 'C:\Users\User\AppData\Local\Android\Sdk\platform-tools\adb.exe -P 5037 -s emulator-5554 wait-for-device'
[38;5;229m[ADB][0m Running 'C:\Users\User\AppData\Local\Android\Sdk\platform-tools\adb.exe -P 5037 -s emulator-5554 shell echo ping'
[38;5;-20m[AndroidUiautomator2Driver@702b][0m Pushing settings apk to the device...
[38;5;229m[ADB][0m Getting package info for 'io.appium.settings'
[38;5;229m[ADB][0m Running 'C:\Users\User\AppData\Local\Android\Sdk\platform-tools\adb.exe -P 5037 -s emulator-5554 shell dumpsys package io.appium.settings'
[38;5;229m[ADB][0m The version name of the installed 'io.appium.settings' is greater or equal to the application version name ('5.12.3' >= '5.12.3')
[38;5;229m[ADB][0m There is no need to install/upgrade 'C:\Users\User\Downloads\appium-webdriverio-cucumber-master\appium-webdriverio-cucumber-master\node_modules\appium-uiautomator2-driver\node_modules\io.appium.settings\apks\settings_apk-debug.apk'
[38;5;229m[ADB][0m Running 'C:\Users\User\AppData\Local\Android\Sdk\platform-tools\adb.exe -P 5037 -s emulator-5554 shell dumpsys activity services io.appium.settings'
[38;5;-20m[AndroidUiautomator2Driver@702b][0m io.appium.settings is already running. There is no need to reset its permissions.
[38;5;160m[Logcat][0m Starting logs capture with command: C:\\Users\\User\\AppData\\Local\\Android\\Sdk\\platform-tools\\adb.exe -P 5037 -s emulator-5554 logcat -v threadtime
[38;5;-20m[AndroidUiautomator2Driver@702b][0m Forwarding UiAutomator2 Server port 6790 to local port 8201
[38;5;229m[ADB][0m Forwarding system: 8201 to device: 6790
[38;5;229m[ADB][0m Running 'C:\Users\User\AppData\Local\Android\Sdk\platform-tools\adb.exe -P 5037 -s emulator-5554 forward tcp:8201 tcp:6790'
[38;5;229m[ADB][0m Getting package info for 'io.appium.uiautomator2.server'
[38;5;229m[ADB][0m Running 'C:\Users\User\AppData\Local\Android\Sdk\platform-tools\adb.exe -P 5037 -s emulator-5554 shell dumpsys package io.appium.uiautomator2.server'
[38;5;229m[ADB][0m Getting install status for io.appium.uiautomator2.server.test
[38;5;229m[ADB][0m Checking app cert for C:\Users\User\Downloads\appium-webdriverio-cucumber-master\appium-webdriverio-cucumber-master\app\andriod\Android-MyDemoAppRN.1.3.0.build-244.apk
[38;5;229m[ADB][0m Running 'C:\Users\User\AppData\Local\Android\Sdk\platform-tools\adb.exe -P 5037 -s emulator-5554 shell cmd package list packages'
[38;5;229m[ADB][0m 'io.appium.uiautomator2.server.test' is installed
[38;5;229m[ADB][0m Using 'apksigner.jar' from 'C:\Users\User\AppData\Local\Android\Sdk\build-tools\35.0.0\lib\apksigner.jar'
[38;5;229m[ADB][0m Starting apksigner: 'C:\\Program Files\\Java\\jdk1.8.0_202\\bin\\java.exe' -Xmx1024M -Xss1m -jar C:\\Users\\User\\AppData\\Local\\Android\\Sdk\\build-tools\\35.0.0\\lib\\apksigner.jar verify --print-certs C:\\Users\\User\\Downloads\\appium-webdriverio-cucumber-master\\appium-webdriverio-cucumber-master\\app\\andriod\\Android-MyDemoAppRN.1.3.0.build-244.apk
[38;5;229m[ADB][0m The version name of the installed 'io.appium.uiautomator2.server' is greater or equal to the application version name ('7.0.14' >= '7.0.14')
[38;5;-20m[AndroidUiautomator2Driver@702b][0m Server packages status: [{"installState":"sameVersionInstalled","appPath":"C:\\Users\\User\\Downloads\\appium-webdriverio-cucumber-master\\appium-webdriverio-cucumber-master\\node_modules\\appium-uiautomator2-driver\\node_modules\\appium-uiautomator2-server\\apks\\appium-uiautomator2-server-v7.0.14.apk","appId":"io.appium.uiautomator2.server"},{"installState":"sameVersionInstalled","appPath":"C:\\Users\\User\\Downloads\\appium-webdriverio-cucumber-master\\appium-webdriverio-cucumber-master\\node_modules\\appium-uiautomator2-driver\\node_modules\\appium-uiautomator2-server\\apks\\appium-uiautomator2-server-debug-androidTest.apk","appId":"io.appium.uiautomator2.server.test"}]
[38;5;-20m[AndroidUiautomator2Driver@702b][0m Server packages are not going to be (re)installed
[38;5;-20m[AndroidUiautomator2Driver@702b][0m Waiting up to 30000ms for services to be available
[38;5;229m[ADB][0m Running 'C:\Users\User\AppData\Local\Android\Sdk\platform-tools\adb.exe -P 5037 -s emulator-5554 shell pm list instrumentation'
[38;5;-20m[AndroidUiautomator2Driver@702b][0m Instrumentation target 'io.appium.uiautomator2.server.test/androidx.test.runner.AndroidJUnitRunner' is available
[38;5;229m[ADB][0m Adding packages ["io.appium.settings","io.appium.uiautomator2.server","io.appium.uiautomator2.server.test"] to Doze whitelist
[38;5;229m[ADB][0m Got the following command chunks to execute: [["dumpsys","deviceidle","whitelist","+io.appium.settings",";","dumpsys","deviceidle","whitelist","+io.appium.uiautomator2.server",";","dumpsys","deviceidle","whitelist","+io.appium.uiautomator2.server.test",";"]]
[38;5;229m[ADB][0m Running 'C:\Users\User\AppData\Local\Android\Sdk\platform-tools\adb.exe -P 5037 -s emulator-5554 shell dumpsys deviceidle whitelist +io.appium.settings ; dumpsys deviceidle whitelist +io.appium.uiautomator2.server ; dumpsys deviceidle whitelist +io.appium.uiautomator2.server.test ;'
[38;5;229m[ADB][0m apksigner stdout: Signer #1 certificate DN: CN=Android Debug, OU=Android, O=Unknown, L=Unknown, ST=Unknown, C=US
Signer #1 certificate SHA-256 digest: fac61745dc0903786fb9ede62a962b399f7348f0bb6f899b8332667591033b9c
Signer #1 certificate SHA-1 digest: 5e8f16062ea3cd2c4a0d547876baa6f38cabf625
Signer #1 certificate MD5 digest: 20f46148b72d8e5e5ca23d37a4f41490

[38;5;229m[ADB][0m 'C:\Users\User\Downloads\appium-webdriverio-cucumber-master\appium-webdriverio-cucumber-master\app\andriod\Android-MyDemoAppRN.1.3.0.build-244.apk' is signed with a non-default certificate
[38;5;229m[ADB][0m Uninstalling com.saucelabs.mydemoapp.rn
[38;5;229m[ADB][0m Getting install status for com.saucelabs.mydemoapp.rn
[38;5;229m[ADB][0m Running 'C:\Users\User\AppData\Local\Android\Sdk\platform-tools\adb.exe -P 5037 -s emulator-5554 shell cmd package list packages'
[38;5;229m[ADB][0m 'com.saucelabs.mydemoapp.rn' is not installed
[38;5;229m[ADB][0m com.saucelabs.mydemoapp.rn was not uninstalled, because it was not present on the device
[38;5;229m[ADB][0m Getting install status for com.saucelabs.mydemoapp.rn
[38;5;229m[ADB][0m Running 'C:\Users\User\AppData\Local\Android\Sdk\platform-tools\adb.exe -P 5037 -s emulator-5554 shell cmd package list packages'
[38;5;229m[ADB][0m 'com.saucelabs.mydemoapp.rn' is not installed
[38;5;-20m[AndroidUiautomator2Driver@702b][0m Running full reset on 'com.saucelabs.mydemoapp.rn' (reinstall)
[38;5;229m[ADB][0m Running 'C:\Users\User\AppData\Local\Android\Sdk\platform-tools\adb.exe -P 5037 -s emulator-5554 help'
[38;5;229m[ADB][0m Running 'C:\Users\User\AppData\Local\Android\Sdk\platform-tools\adb.exe -P 5037 -s emulator-5554 features'
[38;5;229m[ADB][0m The application at 'C:\Users\User\Downloads\appium-webdriverio-cucumber-master\appium-webdriverio-cucumber-master\app\andriod\Android-MyDemoAppRN.1.3.0.build-244.apk' will not be cached, because the device under test has confirmed the support of streamed installs
[38;5;229m[ADB][0m Running 'C:\Users\User\AppData\Local\Android\Sdk\platform-tools\adb.exe -P 5037 -s emulator-5554 install -r C:\Users\User\Downloads\appium-webdriverio-cucumber-master\appium-webdriverio-cucumber-master\app\andriod\Android-MyDemoAppRN.1.3.0.build-244.apk'
[38;5;229m[ADB][0m The installation of 'Android-MyDemoAppRN.1.3.0.build-244.apk' took 6640ms
[38;5;229m[ADB][0m Install command stdout: Performing Streamed Install
Success
[38;5;-20m[AndroidUiautomator2Driver@702b][0m Performing shallow cleanup of automation leftovers
[38;5;-20m[AndroidUiautomator2Driver@702b][0m No obsolete sessions have been detected (socket hang up)
[38;5;229m[ADB][0m Running 'C:\Users\User\AppData\Local\Android\Sdk\platform-tools\adb.exe -P 5037 -s emulator-5554 shell am force-stop io.appium.uiautomator2.server.test'
[38;5;-20m[AndroidUiautomator2Driver@702b][0m Starting UIAutomator2 server 7.0.14
[38;5;-20m[AndroidUiautomator2Driver@702b][0m Using UIAutomator2 server from 'C:\Users\User\Downloads\appium-webdriverio-cucumber-master\appium-webdriverio-cucumber-master\node_modules\appium-uiautomator2-driver\node_modules\appium-uiautomator2-server\apks\appium-uiautomator2-server-v7.0.14.apk' and test from 'C:\Users\User\Downloads\appium-webdriverio-cucumber-master\appium-webdriverio-cucumber-master\node_modules\appium-uiautomator2-driver\node_modules\appium-uiautomator2-server\apks\appium-uiautomator2-server-debug-androidTest.apk'
[38;5;-20m[AndroidUiautomator2Driver@702b][0m Waiting up to 30000ms for UiAutomator2 to be online...
[38;5;229m[ADB][0m Creating ADB subprocess with args: ["-P","5037","-s","emulator-5554","shell","am","instrument","-w","-e","disableAnalytics","true","io.appium.uiautomator2.server.test/androidx.test.runner.AndroidJUnitRunner"]
[38;5;-20m[AndroidUiautomator2Driver@702b][0m Matched '/status' to command name 'getStatus'
[38;5;-20m[AndroidUiautomator2Driver@702b][0m Proxying [GET /status] to [GET http://127.0.0.1:8201/status] with no body
[38;5;-20m[AndroidUiautomator2Driver@702b][0m socket hang up
[38;5;-20m[AndroidUiautomator2Driver@702b][0m Matched '/status' to command name 'getStatus'
[38;5;-20m[AndroidUiautomator2Driver@702b][0m Proxying [GET /status] to [GET http://127.0.0.1:8201/status] with no body
[38;5;-20m[AndroidUiautomator2Driver@702b][0m socket hang up
[38;5;-20m[AndroidUiautomator2Driver@702b][0m Matched '/status' to command name 'getStatus'
[38;5;-20m[AndroidUiautomator2Driver@702b][0m Proxying [GET /status] to [GET http://127.0.0.1:8201/status] with no body
[38;5;-20m[AndroidUiautomator2Driver@702b][0m socket hang up
[38;5;-20m[AndroidUiautomator2Driver@702b][0m Matched '/status' to command name 'getStatus'
[38;5;-20m[AndroidUiautomator2Driver@702b][0m Proxying [GET /status] to [GET http://127.0.0.1:8201/status] with no body
[38;5;-20m[AndroidUiautomator2Driver@702b][0m socket hang up
[38;5;74m[Instrumentation][0m io.appium.uiautomator2.server.test.AppiumUiAutomator2Server:
[38;5;-20m[AndroidUiautomator2Driver@702b][0m Matched '/status' to command name 'getStatus'
[38;5;-20m[AndroidUiautomator2Driver@702b][0m Proxying [GET /status] to [GET http://127.0.0.1:8201/status] with no body
[38;5;-20m[AndroidUiautomator2Driver@702b][0m socket hang up
[38;5;-20m[AndroidUiautomator2Driver@702b][0m Matched '/status' to command name 'getStatus'
[38;5;-20m[AndroidUiautomator2Driver@702b][0m Proxying [GET /status] to [GET http://127.0.0.1:8201/status] with no body
[38;5;-20m[AndroidUiautomator2Driver@702b][0m socket hang up
[38;5;-20m[AndroidUiautomator2Driver@702b][0m Matched '/status' to command name 'getStatus'
[38;5;-20m[AndroidUiautomator2Driver@702b][0m Proxying [GET /status] to [GET http://127.0.0.1:8201/status] with no body
[38;5;-20m[AndroidUiautomator2Driver@702b][0m socket hang up
[38;5;-20m[AndroidUiautomator2Driver@702b][0m Matched '/status' to command name 'getStatus'
[38;5;-20m[AndroidUiautomator2Driver@702b][0m Proxying [GET /status] to [GET http://127.0.0.1:8201/status] with no body
[38;5;-20m[AndroidUiautomator2Driver@702b][0m Got response with status 200: {"sessionId":"None","value":{"message":"UiAutomator2 Server is ready to accept commands","ready":true}}
[38;5;-20m[AndroidUiautomator2Driver@702b][0m The initialization of the instrumentation process took 8272ms
[38;5;-20m[AndroidUiautomator2Driver@702b][0m Matched '/session' to command name 'createSession'
[38;5;-20m[AndroidUiautomator2Driver@702b][0m Proxying [POST /session] to [POST http://127.0.0.1:8201/session] with body: {"capabilities":{"firstMatch":[{"platformName":"Android","deviceName":"emulator-5554","platformVersion":"14.0","automationName":"UiAutomator2","app":"C:\\Users\\User\\Downloads\\appium-webdriverio-cucumber-master\\appium-webdriverio-cucumber-master\\app\\andriod\\Android-MyDemoAppRN.1.3.0.build-244.apk","appActivity":"com.saucelabs.mydemoapp.rn.MainActivity","appPackage":"com.saucelabs.mydemoapp.rn","noReset":false,"newCommandTimeout":180,"fullReset":true,"platform":"LINUX","webStorageEnabled":false,"takesScreenshot":true,"javascriptEnabled":true,"databaseEnabled":false,"networkConnectionEnabled":true,"locationContextEnabled":false,"warnings":{},"desired":{"platformName":"Android","deviceName":"Resizable (Experimental) API 34","platformVersion":"14.0","automationName":"UiAutomator2","app":"C:\\Users\\User\\Downloads\\appium-webdriverio-cucumber-master\\appium-webdriverio-cucumber-master\\app\\andriod\\Android-MyDemoAppRN.1.3.0.build-244.apk","appActivity":"com.saucelabs.mydemoapp.rn.MainActivity","appPacka...
[38;5;-20m[AndroidUiautomator2Driver@702b][0m Got response with status 200: {"sessionId":"fbcd7d37-f129-4c20-9b22-56ca415f417a","value":{"capabilities":{"firstMatch":[{"platformName":"Android","deviceName":"emulator-5554","platformVersion":"14.0","automationName":"UiAutomator2","app":"C:\\Users\\User\\Downloads\\appium-webdriverio-cucumber-master\\appium-webdriverio-cucumber-master\\app\\andriod\\Android-MyDemoAppRN.1.3.0.build-244.apk","appActivity":"com.saucelabs.mydemoapp.rn.MainActivity","appPackage":"com.saucelabs.mydemoapp.rn","noReset":false,"newCommandTimeout":180,"fullReset":true,"platform":"LINUX","webStorageEnabled":false,"takesScreenshot":true,"javascriptEnabled":true,"databaseEnabled":false,"networkConnectionEnabled":true,"locationContextEnabled":false,"warnings":{},"desired":{"platformName":"Android","deviceName":"Resizable (Experimental) API 34","platformVersion":"14.0","automationName":"UiAutomator2","app":"C:\\Users\\User\\Downloads\\appium-webdriverio-cucumber-master\\appium-webdriverio-cucumber-master\\app\\andriod\\Android-MyDemoAppRN.1.3.0.build-244.apk","appA...
[38;5;-20m[AndroidUiautomator2Driver@702b][0m Determined the downstream protocol as 'W3C'
[38;5;-20m[AndroidUiautomator2Driver@702b][0m Proxying [GET /appium/device/pixel_ratio] to [GET http://127.0.0.1:8201/session/fbcd7d37-f129-4c20-9b22-56ca415f417a/appium/device/pixel_ratio] with no body
[38;5;-20m[AndroidUiautomator2Driver@702b][0m Matched '/appium/device/system_bars' to command name 'getSystemBars'
[38;5;-20m[AndroidUiautomator2Driver@702b][0m Proxying [GET /appium/device/system_bars] to [GET http://127.0.0.1:8201/session/fbcd7d37-f129-4c20-9b22-56ca415f417a/appium/device/system_bars] with no body
[38;5;-20m[AndroidUiautomator2Driver@702b][0m Matched '/window/current/size' to command name 'getWindowSize'
[38;5;-20m[AndroidUiautomator2Driver@702b][0m Proxying [GET /window/current/size] to [GET http://127.0.0.1:8201/session/fbcd7d37-f129-4c20-9b22-56ca415f417a/window/current/size] with no body
[38;5;-20m[AndroidUiautomator2Driver@702b][0m Proxying [GET /appium/device/info] to [GET http://127.0.0.1:8201/session/fbcd7d37-f129-4c20-9b22-56ca415f417a/appium/device/info] with no body
[38;5;229m[ADB][0m Running 'C:\Users\User\AppData\Local\Android\Sdk\platform-tools\adb.exe -P 5037 -s emulator-5554 shell dumpsys window'
[38;5;229m[ADB][0m Running 'C:\Users\User\AppData\Local\Android\Sdk\platform-tools\adb.exe -P 5037 -s emulator-5554 shell dumpsys power'
[38;5;-20m[AndroidUiautomator2Driver@702b][0m Got response with status 200: {"sessionId":"fbcd7d37-f129-4c20-9b22-56ca415f417a","value":2.625}
[38;5;-20m[AndroidUiautomator2Driver@702b][0m Got response with status 200: {"sessionId":"fbcd7d37-f129-4c20-9b22-56ca415f417a","value":{"height":2400,"width":1080}}
[38;5;-20m[AndroidUiautomator2Driver@702b][0m Got response with status 200: {"sessionId":"fbcd7d37-f129-4c20-9b22-56ca415f417a","value":{"statusBar":144}}
[38;5;-20m[AndroidUiautomator2Driver@702b][0m Got response with status 200: {"sessionId":"fbcd7d37-f129-4c20-9b22-56ca415f417a","value":{"androidId":"ffb3533d48e16fa1","apiVersion":"34","bluetooth":{"state":"ON"},"brand":"google","carrierName":"T-Mobile","displayDensity":420,"locale":"en_US","manufacturer":"Google","model":"sdk_gphone64_x86_64","networks":[{"capabilities":{"SSID":null,"linkDownBandwidthKbps":4300,"linkUpstreamBandwidthKbps":1800,"networkCapabilities":"NET_CAPABILITY_MMS,NET_CAPABILITY_SUPL,NET_CAPABILITY_DUN,NET_CAPABILITY_FOTA,NET_CAPABILITY_IMS,NET_CAPABILITY_CBS,NET_CAPABILITY_INTERNET,NET_CAPABILITY_NOT_RESTRICTED,NET_CAPABILITY_TRUSTED,NET_CAPABILITY_NOT_VPN,NET_CAPABILITY_VALIDATED,NET_CAPABILITY_NOT_ROAMING,NET_CAPABILITY_NOT_CONGESTED,NET_CAPABILITY_NOT_SUSPENDED","signalStrength":-2147483648,"transportTypes":"TRANSPORT_CELLULAR"},"detailedState":"CONNECTED","extraInfo":"epc.tmobile.com","isAvailable":true,"isConnected":true,"isFailover":false,"isRoaming":false,"state":"CONNECTED","subtype":10,"subtypeName":"HSPA","type":0,"typeName":"MOBILE"},{"capabiliti...
[38;5;-20m[AndroidUiautomator2Driver@702b][0m Screen already unlocked, doing nothing
[38;5;-20m[AndroidUiautomator2Driver@702b][0m Starting 'com.saucelabs.mydemoapp.rn/com.saucelabs.mydemoapp.rn.MainActivity and waiting for 'com.saucelabs.mydemoapp.rn/com.saucelabs.mydemoapp.rn.MainActivity'
[38;5;229m[ADB][0m Running 'C:\Users\User\AppData\Local\Android\Sdk\platform-tools\adb.exe -P 5037 -s emulator-5554 shell am start -W -n com.saucelabs.mydemoapp.rn/com.saucelabs.mydemoapp.rn.MainActivity -S -a android.intent.action.MAIN -c android.intent.category.LAUNCHER -f 0x10200000'
[38;5;89m[AppiumDriver@0c48][0m New AndroidUiautomator2Driver session created successfully, session fa99a982-9b2c-4be8-b250-9af8d62ce905 added to master session list
[38;5;89m[AppiumDriver@0c48][0m Event 'newSessionStarted' logged at 1721546618257 (12:53:38 GMT+0530 (India Standard Time))
[38;5;-20m[AndroidUiautomator2Driver@702b][0m Cached the protocol value 'W3C' for the new session fa99a982-9b2c-4be8-b250-9af8d62ce905
[38;5;-20m[AndroidUiautomator2Driver@702b][0m Responding to client with driver.createSession() result: {"capabilities":{"platformName":"Android","deviceName":"emulator-5554","platformVersion":"14","automationName":"UiAutomator2","app":"C:\\Users\\User\\Downloads\\appium-webdriverio-cucumber-master\\appium-webdriverio-cucumber-master\\app\\andriod\\Android-MyDemoAppRN.1.3.0.build-244.apk","appActivity":"com.saucelabs.mydemoapp.rn.MainActivity","appPackage":"com.saucelabs.mydemoapp.rn","noReset":false,"newCommandTimeout":180,"fullReset":true,"platform":"LINUX","webStorageEnabled":false,"takesScreenshot":true,"javascriptEnabled":true,"databaseEnabled":false,"networkConnectionEnabled":true,"locationContextEnabled":false,"warnings":{},"desired":{"platformName":"Android","deviceName":"Resizable (Experimental) API 34","platformVersion":"14.0","automationName":"UiAutomator2","app":"C:\\Users\\User\\Downloads\\appium-webdriverio-cucumber-master\\appium-webdriverio-cucumber-master\\app\\andriod\\Android-MyDemoAppRN.1.3.0.build-244.apk","appActivity":"com.saucelabs.mydemoapp.rn.MainActivity","appPackage":"com.saucelab...
[38;5;86m[HTTP][0m [37m<-- POST /session [39m[32m200[39m [90m32377 ms - 1433[39m [90m[39m
[38;5;177m[fa99a982][0m[38;5;86m[HTTP][0m [37m-->[39m [37mPOST[39m [37m/session/fa99a982-9b2c-4be8-b250-9af8d62ce905/element[39m [90m{"using":"xpath","value":"//android.view.ViewGroup[@content-desc=\"open menu\"]/android.widget.ImageView"}[39m
[38;5;177m[fa99a982][0m[38;5;-20m[AndroidUiautomator2Driver@702b][0m Calling AppiumDriver.findElement() with args: ["xpath","//android.view.ViewGroup[@content-desc=\"open menu\"]/android.widget.ImageView","fa99a982-9b2c-4be8-b250-9af8d62ce905"]
[38;5;177m[fa99a982][0m[38;5;-20m[AndroidUiautomator2Driver@702b][0m Valid locator strategies for this request: xpath, id, class name, accessibility id, css selector, -android uiautomator
[38;5;177m[fa99a982][0m[38;5;-20m[AndroidUiautomator2Driver@702b][0m Waiting up to 0 ms for condition
[38;5;177m[fa99a982][0m[38;5;-20m[AndroidUiautomator2Driver@702b][0m Matched '/element' to command name 'findElement'
[38;5;177m[fa99a982][0m[38;5;-20m[AndroidUiautomator2Driver@702b][0m Proxying [POST /element] to [POST http://127.0.0.1:8201/session/fbcd7d37-f129-4c20-9b22-56ca415f417a/element] with body: {"strategy":"xpath","selector":"//android.view.ViewGroup[@content-desc=\"open menu\"]/android.widget.ImageView","context":"","multiple":false}
[38;5;177m[fa99a982][0m[38;5;-20m[AndroidUiautomator2Driver@702b][0m Got response with status 200: {"sessionId":"fbcd7d37-f129-4c20-9b22-56ca415f417a","value":{"ELEMENT":"00000000-0000-006a-ffff-ffff00000023","element-6066-11e4-a52e-4f735466cecf":"00000000-0000-006a-ffff-ffff00000023"}}
[38;5;177m[fa99a982][0m[38;5;-20m[AndroidUiautomator2Driver@702b][0m Responding to client with driver.findElement() result: {"element-6066-11e4-a52e-4f735466cecf":"00000000-0000-006a-ffff-ffff00000023","ELEMENT":"00000000-0000-006a-ffff-ffff00000023"}
[38;5;177m[fa99a982][0m[38;5;86m[HTTP][0m [37m<-- POST /session/fa99a982-9b2c-4be8-b250-9af8d62ce905/element [39m[32m200[39m [90m8845 ms - 137[39m [90m[39m
[38;5;177m[fa99a982][0m[38;5;86m[HTTP][0m [37m-->[39m [37mPOST[39m [37m/session/fa99a982-9b2c-4be8-b250-9af8d62ce905/element/00000000-0000-006a-ffff-ffff00000023/click[39m [90m{}[39m
[38;5;177m[fa99a982][0m[38;5;-20m[AndroidUiautomator2Driver@702b][0m Calling AppiumDriver.click() with args: ["00000000-0000-006a-ffff-ffff00000023","fa99a982-9b2c-4be8-b250-9af8d62ce905"]
[38;5;177m[fa99a982][0m[38;5;-20m[AndroidUiautomator2Driver@702b][0m Matched '/element/00000000-0000-006a-ffff-ffff00000023/click' to command name 'click'
[38;5;177m[fa99a982][0m[38;5;-20m[AndroidUiautomator2Driver@702b][0m Proxying [POST /element/00000000-0000-006a-ffff-ffff00000023/click] to [POST http://127.0.0.1:8201/session/fbcd7d37-f129-4c20-9b22-56ca415f417a/element/00000000-0000-006a-ffff-ffff00000023/click] with body: {"element":"00000000-0000-006a-ffff-ffff00000023"}
[38;5;177m[fa99a982][0m[38;5;-20m[AndroidUiautomator2Driver@702b][0m Got response with status 200: {"sessionId":"fbcd7d37-f129-4c20-9b22-56ca415f417a","value":null}
[38;5;177m[fa99a982][0m[38;5;-20m[AndroidUiautomator2Driver@702b][0m Responding to client with driver.click() result: null
[38;5;177m[fa99a982][0m[38;5;86m[HTTP][0m [37m<-- POST /session/fa99a982-9b2c-4be8-b250-9af8d62ce905/element/00000000-0000-006a-ffff-ffff00000023/click [39m[32m200[39m [90m197 ms - 14[39m [90m[39m
[38;5;177m[fa99a982][0m[38;5;86m[HTTP][0m [37m-->[39m [37mPOST[39m [37m/session/fa99a982-9b2c-4be8-b250-9af8d62ce905/element[39m [90m{"using":"xpath","value":"//android.widget.TextView[@text=\"Log Out\"]"}[39m
[38;5;177m[fa99a982][0m[38;5;-20m[AndroidUiautomator2Driver@702b][0m Calling AppiumDriver.findElement() with args: ["xpath","//android.widget.TextView[@text=\"Log Out\"]","fa99a982-9b2c-4be8-b250-9af8d62ce905"]
[38;5;177m[fa99a982][0m[38;5;-20m[AndroidUiautomator2Driver@702b][0m Valid locator strategies for this request: xpath, id, class name, accessibility id, css selector, -android uiautomator
[38;5;177m[fa99a982][0m[38;5;-20m[AndroidUiautomator2Driver@702b][0m Waiting up to 0 ms for condition
[38;5;177m[fa99a982][0m[38;5;-20m[AndroidUiautomator2Driver@702b][0m Matched '/element' to command name 'findElement'
[38;5;177m[fa99a982][0m[38;5;-20m[AndroidUiautomator2Driver@702b][0m Proxying [POST /element] to [POST http://127.0.0.1:8201/session/fbcd7d37-f129-4c20-9b22-56ca415f417a/element] with body: {"strategy":"xpath","selector":"//android.widget.TextView[@text=\"Log Out\"]","context":"","multiple":false}
[38;5;177m[fa99a982][0m[38;5;-20m[AndroidUiautomator2Driver@702b][0m Got response with status 200: {"sessionId":"fbcd7d37-f129-4c20-9b22-56ca415f417a","value":{"ELEMENT":"00000000-0000-006a-ffff-ffff000000a3","element-6066-11e4-a52e-4f735466cecf":"00000000-0000-006a-ffff-ffff000000a3"}}
[38;5;177m[fa99a982][0m[38;5;-20m[AndroidUiautomator2Driver@702b][0m Responding to client with driver.findElement() result: {"element-6066-11e4-a52e-4f735466cecf":"00000000-0000-006a-ffff-ffff000000a3","ELEMENT":"00000000-0000-006a-ffff-ffff000000a3"}
[38;5;177m[fa99a982][0m[38;5;86m[HTTP][0m [37m<-- POST /session/fa99a982-9b2c-4be8-b250-9af8d62ce905/element [39m[32m200[39m [90m2546 ms - 137[39m [90m[39m
[38;5;177m[fa99a982][0m[38;5;86m[HTTP][0m [37m-->[39m [37mPOST[39m [37m/session/fa99a982-9b2c-4be8-b250-9af8d62ce905/element/00000000-0000-006a-ffff-ffff000000a3/click[39m [90m{}[39m
[38;5;177m[fa99a982][0m[38;5;-20m[AndroidUiautomator2Driver@702b][0m Calling AppiumDriver.click() with args: ["00000000-0000-006a-ffff-ffff000000a3","fa99a982-9b2c-4be8-b250-9af8d62ce905"]
[38;5;177m[fa99a982][0m[38;5;-20m[AndroidUiautomator2Driver@702b][0m Matched '/element/00000000-0000-006a-ffff-ffff000000a3/click' to command name 'click'
[38;5;177m[fa99a982][0m[38;5;-20m[AndroidUiautomator2Driver@702b][0m Proxying [POST /element/00000000-0000-006a-ffff-ffff000000a3/click] to [POST http://127.0.0.1:8201/session/fbcd7d37-f129-4c20-9b22-56ca415f417a/element/00000000-0000-006a-ffff-ffff000000a3/click] with body: {"element":"00000000-0000-006a-ffff-ffff000000a3"}
[38;5;177m[fa99a982][0m[38;5;-20m[AndroidUiautomator2Driver@702b][0m Got response with status 200: {"sessionId":"fbcd7d37-f129-4c20-9b22-56ca415f417a","value":null}
[38;5;177m[fa99a982][0m[38;5;-20m[AndroidUiautomator2Driver@702b][0m Responding to client with driver.click() result: null
[38;5;177m[fa99a982][0m[38;5;86m[HTTP][0m [37m<-- POST /session/fa99a982-9b2c-4be8-b250-9af8d62ce905/element/00000000-0000-006a-ffff-ffff000000a3/click [39m[32m200[39m [90m354 ms - 14[39m [90m[39m
[38;5;177m[fa99a982][0m[38;5;86m[HTTP][0m [37m-->[39m [37mPOST[39m [37m/session/fa99a982-9b2c-4be8-b250-9af8d62ce905/element[39m [90m{"using":"xpath","value":"//android.widget.Button[@resource-id=\"android:id/button1\"]"}[39m
[38;5;177m[fa99a982][0m[38;5;-20m[AndroidUiautomator2Driver@702b][0m Calling AppiumDriver.findElement() with args: ["xpath","//android.widget.Button[@resource-id=\"android:id/button1\"]","fa99a982-9b2c-4be8-b250-9af8d62ce905"]
[38;5;177m[fa99a982][0m[38;5;-20m[AndroidUiautomator2Driver@702b][0m Valid locator strategies for this request: xpath, id, class name, accessibility id, css selector, -android uiautomator
[38;5;177m[fa99a982][0m[38;5;-20m[AndroidUiautomator2Driver@702b][0m Waiting up to 0 ms for condition
[38;5;177m[fa99a982][0m[38;5;-20m[AndroidUiautomator2Driver@702b][0m Matched '/element' to command name 'findElement'
[38;5;177m[fa99a982][0m[38;5;-20m[AndroidUiautomator2Driver@702b][0m Proxying [POST /element] to [POST http://127.0.0.1:8201/session/fbcd7d37-f129-4c20-9b22-56ca415f417a/element] with body: {"strategy":"xpath","selector":"//android.widget.Button[@resource-id=\"android:id/button1\"]","context":"","multiple":false}
[38;5;177m[fa99a982][0m[38;5;-20m[AndroidUiautomator2Driver@702b][0m Got response with status 200: {"sessionId":"fbcd7d37-f129-4c20-9b22-56ca415f417a","value":{"ELEMENT":"00000000-0000-006b-ffff-ffff000000c2","element-6066-11e4-a52e-4f735466cecf":"00000000-0000-006b-ffff-ffff000000c2"}}
[38;5;177m[fa99a982][0m[38;5;-20m[AndroidUiautomator2Driver@702b][0m Responding to client with driver.findElement() result: {"element-6066-11e4-a52e-4f735466cecf":"00000000-0000-006b-ffff-ffff000000c2","ELEMENT":"00000000-0000-006b-ffff-ffff000000c2"}
[38;5;177m[fa99a982][0m[38;5;86m[HTTP][0m [37m<-- POST /session/fa99a982-9b2c-4be8-b250-9af8d62ce905/element [39m[32m200[39m [90m1277 ms - 137[39m [90m[39m
[38;5;177m[fa99a982][0m[38;5;86m[HTTP][0m [37m-->[39m [37mPOST[39m [37m/session/fa99a982-9b2c-4be8-b250-9af8d62ce905/element/00000000-0000-006b-ffff-ffff000000c2/click[39m [90m{}[39m
[38;5;177m[fa99a982][0m[38;5;-20m[AndroidUiautomator2Driver@702b][0m Calling AppiumDriver.click() with args: ["00000000-0000-006b-ffff-ffff000000c2","fa99a982-9b2c-4be8-b250-9af8d62ce905"]
[38;5;177m[fa99a982][0m[38;5;-20m[AndroidUiautomator2Driver@702b][0m Matched '/element/00000000-0000-006b-ffff-ffff000000c2/click' to command name 'click'
[38;5;177m[fa99a982][0m[38;5;-20m[AndroidUiautomator2Driver@702b][0m Proxying [POST /element/00000000-0000-006b-ffff-ffff000000c2/click] to [POST http://127.0.0.1:8201/session/fbcd7d37-f129-4c20-9b22-56ca415f417a/element/00000000-0000-006b-ffff-ffff000000c2/click] with body: {"element":"00000000-0000-006b-ffff-ffff000000c2"}
[38;5;177m[fa99a982][0m[38;5;-20m[AndroidUiautomator2Driver@702b][0m Got response with status 200: {"sessionId":"fbcd7d37-f129-4c20-9b22-56ca415f417a","value":null}
[38;5;177m[fa99a982][0m[38;5;-20m[AndroidUiautomator2Driver@702b][0m Responding to client with driver.click() result: null
[38;5;177m[fa99a982][0m[38;5;86m[HTTP][0m [37m<-- POST /session/fa99a982-9b2c-4be8-b250-9af8d62ce905/element/00000000-0000-006b-ffff-ffff000000c2/click [39m[32m200[39m [90m772 ms - 14[39m [90m[39m
[38;5;177m[fa99a982][0m[38;5;86m[HTTP][0m [37m-->[39m [37mPOST[39m [37m/session/fa99a982-9b2c-4be8-b250-9af8d62ce905/element[39m [90m{"using":"xpath","value":"//android.widget.Button[@resource-id=\"android:id/button1\"]"}[39m
[38;5;177m[fa99a982][0m[38;5;-20m[AndroidUiautomator2Driver@702b][0m Calling AppiumDriver.findElement() with args: ["xpath","//android.widget.Button[@resource-id=\"android:id/button1\"]","fa99a982-9b2c-4be8-b250-9af8d62ce905"]
[38;5;177m[fa99a982][0m[38;5;-20m[AndroidUiautomator2Driver@702b][0m Valid locator strategies for this request: xpath, id, class name, accessibility id, css selector, -android uiautomator
[38;5;177m[fa99a982][0m[38;5;-20m[AndroidUiautomator2Driver@702b][0m Waiting up to 0 ms for condition
[38;5;177m[fa99a982][0m[38;5;-20m[AndroidUiautomator2Driver@702b][0m Matched '/element' to command name 'findElement'
[38;5;177m[fa99a982][0m[38;5;-20m[AndroidUiautomator2Driver@702b][0m Proxying [POST /element] to [POST http://127.0.0.1:8201/session/fbcd7d37-f129-4c20-9b22-56ca415f417a/element] with body: {"strategy":"xpath","selector":"//android.widget.Button[@resource-id=\"android:id/button1\"]","context":"","multiple":false}
[38;5;177m[fa99a982][0m[38;5;-20m[AndroidUiautomator2Driver@702b][0m Got response with status 200: {"sessionId":"fbcd7d37-f129-4c20-9b22-56ca415f417a","value":{"ELEMENT":"00000000-0000-006b-ffff-ffff000000c2","element-6066-11e4-a52e-4f735466cecf":"00000000-0000-006b-ffff-ffff000000c2"}}
[38;5;177m[fa99a982][0m[38;5;-20m[AndroidUiautomator2Driver@702b][0m Responding to client with driver.findElement() result: {"element-6066-11e4-a52e-4f735466cecf":"00000000-0000-006b-ffff-ffff000000c2","ELEMENT":"00000000-0000-006b-ffff-ffff000000c2"}
[38;5;177m[fa99a982][0m[38;5;86m[HTTP][0m [37m<-- POST /session/fa99a982-9b2c-4be8-b250-9af8d62ce905/element [39m[32m200[39m [90m569 ms - 137[39m [90m[39m
[38;5;177m[fa99a982][0m[38;5;86m[HTTP][0m [37m-->[39m [37mPOST[39m [37m/session/fa99a982-9b2c-4be8-b250-9af8d62ce905/element/00000000-0000-006b-ffff-ffff000000c2/click[39m [90m{}[39m
[38;5;177m[fa99a982][0m[38;5;-20m[AndroidUiautomator2Driver@702b][0m Calling AppiumDriver.click() with args: ["00000000-0000-006b-ffff-ffff000000c2","fa99a982-9b2c-4be8-b250-9af8d62ce905"]
[38;5;177m[fa99a982][0m[38;5;-20m[AndroidUiautomator2Driver@702b][0m Matched '/element/00000000-0000-006b-ffff-ffff000000c2/click' to command name 'click'
[38;5;177m[fa99a982][0m[38;5;-20m[AndroidUiautomator2Driver@702b][0m Proxying [POST /element/00000000-0000-006b-ffff-ffff000000c2/click] to [POST http://127.0.0.1:8201/session/fbcd7d37-f129-4c20-9b22-56ca415f417a/element/00000000-0000-006b-ffff-ffff000000c2/click] with body: {"element":"00000000-0000-006b-ffff-ffff000000c2"}
[38;5;177m[fa99a982][0m[38;5;-20m[AndroidUiautomator2Driver@702b][0m Got response with status 404: {"sessionId":"fbcd7d37-f129-4c20-9b22-56ca415f417a","value":{"error":"stale element reference","message":"The element 'By.xpath: //android.widget.Button[@resource-id=\"android:id/button1\"]' does not exist in DOM anymore","stacktrace":"io.appium.uiautomator2.common.exceptions.StaleElementReferenceException: The element 'By.xpath: //android.widget.Button[@resource-id=\"android:id/button1\"]' does not exist in DOM anymore\n\tat io.appium.uiautomator2.model.ElementsCache.restore(ElementsCache.java:117)\n\tat io.appium.uiautomator2.model.ElementsCache.get(ElementsCache.java:153)\n\tat io.appium.uiautomator2.handler.Click.safeHandle(Click.java:36)\n\tat io.appium.uiautomator2.handler.request.SafeRequestHandler.handle(SafeRequestHandler.java:59)\n\tat io.appium.uiautomator2.server.AppiumServlet.handleRequest(AppiumServlet.java:259)\n\tat io.appium.uiautomator2.server.AppiumServlet.handleHttpRequest(AppiumServlet.java:253)\n\tat io.appium.uiautomator2.http.ServerHandler.channelRead(ServerHandler.java:77)\n\tat io...
[38;5;177m[fa99a982][0m[38;5;123m[W3C][0m Matched W3C error code 'stale element reference' to StaleElementReferenceError
[38;5;177m[fa99a982][0m[38;5;-20m[AndroidUiautomator2Driver@702b][0m Encountered internal error running command: io.appium.uiautomator2.common.exceptions.StaleElementReferenceException: The element 'By.xpath: //android.widget.Button[@resource-id="android:id/button1"]' does not exist in DOM anymore
	at io.appium.uiautomator2.model.ElementsCache.restore(ElementsCache.java:117)
	at io.appium.uiautomator2.model.ElementsCache.get(ElementsCache.java:153)
	at io.appium.uiautomator2.handler.Click.safeHandle(Click.java:36)
	at io.appium.uiautomator2.handler.request.SafeRequestHandler.handle(SafeRequestHandler.java:59)
	at io.appium.uiautomator2.server.AppiumServlet.handleRequest(AppiumServlet.java:259)
	at io.appium.uiautomator2.server.AppiumServlet.handleHttpRequest(AppiumServlet.java:253)
	at io.appium.uiautomator2.http.ServerHandler.channelRead(ServerHandler.java:77)
	at io.netty.channel.AbstractChannelHandlerContext.invokeChannelRead(AbstractChannelHandlerContext.java:366)
	at io.netty.channel.AbstractChannelHandlerContext.invokeChannelRead(AbstractChannelHandlerContext.java:352)
	at io.netty.channel.AbstractChannelHandlerContext.fireChannelRead(AbstractChannelHandlerContext.java:345)
	at io.netty.handler.codec.MessageToMessageDecoder.channelRead(MessageToMessageDecoder.java:102)
	at io.netty.channel.AbstractChannelHandlerContext.invokeChannelRead(AbstractChannelHandlerContext.java:366)
	at io.netty.channel.AbstractChannelHandlerContext.invokeChannelRead(AbstractChannelHandlerContext.java:352)
	at io.netty.channel.AbstractChannelHandlerContext.fireChannelRead(AbstractChannelHandlerContext.java:345)
	at io.netty.channel.CombinedChannelDuplexHandler$DelegatingChannelHandlerContext.fireChannelRead(CombinedChannelDuplexHandler.java:435)
	at io.netty.handler.codec.ByteToMessageDecoder.fireChannelRead(ByteToMessageDecoder.java:293)
	at io.netty.handler.codec.ByteToMessageDecoder.channelRead(ByteToMessageDecoder.java:267)
	at io.netty.channel.CombinedChannelDuplexHandler.channelRead(CombinedChannelDuplexHandler.java:250)
	at io.netty.channel.AbstractChannelHandlerContext.invokeChannelRead(AbstractChannelHandlerContext.java:366)
	at io.netty.channel.AbstractChannelHandlerContext.invokeChannelRead(AbstractChannelHandlerContext.java:352)
	at io.netty.channel.AbstractChannelHandlerContext.fireChannelRead(AbstractChannelHandlerContext.java:345)
	at io.netty.handler.timeout.IdleStateHandler.channelRead(IdleStateHandler.java:266)
	at io.netty.channel.AbstractChannelHandlerContext.invokeChannelRead(AbstractChannelHandlerContext.java:366)
	at io.netty.channel.AbstractChannelHandlerContext.invokeChannelRead(AbstractChannelHandlerContext.java:352)
	at io.netty.channel.AbstractChannelHandlerContext.fireChannelRead(AbstractChannelHandlerContext.java:345)
	at io.netty.channel.DefaultChannelPipeline$HeadContext.channelRead(DefaultChannelPipeline.java:1294)
	at io.netty.channel.AbstractChannelHandlerContext.invokeChannelRead(AbstractChannelHandlerContext.java:366)
	at io.netty.channel.AbstractChannelHandlerContext.invokeChannelRead(AbstractChannelHandlerContext.java:352)
	at io.netty.channel.DefaultChannelPipeline.fireChannelRead(DefaultChannelPipeline.java:911)
	at io.netty.channel.nio.AbstractNioByteChannel$NioByteUnsafe.read(AbstractNioByteChannel.java:131)
	at io.netty.channel.nio.NioEventLoop.processSelectedKey(NioEventLoop.java:611)
	at io.netty.channel.nio.NioEventLoop.processSelectedKeysOptimized(NioEventLoop.java:552)
	at io.netty.channel.nio.NioEventLoop.processSelectedKeys(NioEventLoop.java:466)
	at io.netty.channel.nio.NioEventLoop.run(NioEventLoop.java:438)
	at io.netty.util.concurrent.SingleThreadEventExecutor$2.run(SingleThreadEventExecutor.java:140)
	at io.netty.util.concurrent.DefaultThreadFactory$DefaultRunnableDecorator.run(DefaultThreadFactory.java:144)
	at java.lang.Thread.run(Thread.java:1012)

[38;5;177m[fa99a982][0m[38;5;86m[HTTP][0m [37m<-- POST /session/fa99a982-9b2c-4be8-b250-9af8d62ce905/element/00000000-0000-006b-ffff-ffff000000c2/click [39m[33m404[39m [90m652 ms - 4011[39m [90m[39m
[38;5;177m[fa99a982][0m[38;5;86m[HTTP][0m [37m-->[39m [37mPOST[39m [37m/session/fa99a982-9b2c-4be8-b250-9af8d62ce905/element[39m [90m{"using":"xpath","value":"//android.widget.Button[@resource-id=\"android:id/button1\"]"}[39m
[38;5;177m[fa99a982][0m[38;5;-20m[AndroidUiautomator2Driver@702b][0m Calling AppiumDriver.findElement() with args: ["xpath","//android.widget.Button[@resource-id=\"android:id/button1\"]","fa99a982-9b2c-4be8-b250-9af8d62ce905"]
[38;5;177m[fa99a982][0m[38;5;-20m[AndroidUiautomator2Driver@702b][0m Valid locator strategies for this request: xpath, id, class name, accessibility id, css selector, -android uiautomator
[38;5;177m[fa99a982][0m[38;5;-20m[AndroidUiautomator2Driver@702b][0m Waiting up to 0 ms for condition
[38;5;177m[fa99a982][0m[38;5;-20m[AndroidUiautomator2Driver@702b][0m Matched '/element' to command name 'findElement'
[38;5;177m[fa99a982][0m[38;5;-20m[AndroidUiautomator2Driver@702b][0m Proxying [POST /element] to [POST http://127.0.0.1:8201/session/fbcd7d37-f129-4c20-9b22-56ca415f417a/element] with body: {"strategy":"xpath","selector":"//android.widget.Button[@resource-id=\"android:id/button1\"]","context":"","multiple":false}
[38;5;177m[fa99a982][0m[38;5;-20m[AndroidUiautomator2Driver@702b][0m Got response with status 200: {"sessionId":"fbcd7d37-f129-4c20-9b22-56ca415f417a","value":{"ELEMENT":"00000000-0000-006c-ffff-ffff00000107","element-6066-11e4-a52e-4f735466cecf":"00000000-0000-006c-ffff-ffff00000107"}}
[38;5;177m[fa99a982][0m[38;5;-20m[AndroidUiautomator2Driver@702b][0m Responding to client with driver.findElement() result: {"element-6066-11e4-a52e-4f735466cecf":"00000000-0000-006c-ffff-ffff00000107","ELEMENT":"00000000-0000-006c-ffff-ffff00000107"}
[38;5;177m[fa99a982][0m[38;5;86m[HTTP][0m [37m<-- POST /session/fa99a982-9b2c-4be8-b250-9af8d62ce905/element [39m[32m200[39m [90m1269 ms - 137[39m [90m[39m
[38;5;177m[fa99a982][0m[38;5;86m[HTTP][0m [37m-->[39m [37mPOST[39m [37m/session/fa99a982-9b2c-4be8-b250-9af8d62ce905/element/00000000-0000-006b-ffff-ffff000000c2/click[39m [90m{}[39m
[38;5;177m[fa99a982][0m[38;5;-20m[AndroidUiautomator2Driver@702b][0m Calling AppiumDriver.click() with args: ["00000000-0000-006b-ffff-ffff000000c2","fa99a982-9b2c-4be8-b250-9af8d62ce905"]
[38;5;177m[fa99a982][0m[38;5;-20m[AndroidUiautomator2Driver@702b][0m Matched '/element/00000000-0000-006b-ffff-ffff000000c2/click' to command name 'click'
[38;5;177m[fa99a982][0m[38;5;-20m[AndroidUiautomator2Driver@702b][0m Proxying [POST /element/00000000-0000-006b-ffff-ffff000000c2/click] to [POST http://127.0.0.1:8201/session/fbcd7d37-f129-4c20-9b22-56ca415f417a/element/00000000-0000-006b-ffff-ffff000000c2/click] with body: {"element":"00000000-0000-006b-ffff-ffff000000c2"}
[38;5;177m[fa99a982][0m[38;5;-20m[AndroidUiautomator2Driver@702b][0m Got response with status 404: {"sessionId":"fbcd7d37-f129-4c20-9b22-56ca415f417a","value":{"error":"stale element reference","message":"The element 'By.xpath: //android.widget.Button[@resource-id=\"android:id/button1\"]' is not linked to the same object in DOM anymore","stacktrace":"io.appium.uiautomator2.common.exceptions.StaleElementReferenceException: The element 'By.xpath: //android.widget.Button[@resource-id=\"android:id/button1\"]' is not linked to the same object in DOM anymore\n\tat io.appium.uiautomator2.model.ElementsCache.restore(ElementsCache.java:122)\n\tat io.appium.uiautomator2.model.ElementsCache.get(ElementsCache.java:153)\n\tat io.appium.uiautomator2.handler.Click.safeHandle(Click.java:36)\n\tat io.appium.uiautomator2.handler.request.SafeRequestHandler.handle(SafeRequestHandler.java:59)\n\tat io.appium.uiautomator2.server.AppiumServlet.handleRequest(AppiumServlet.java:259)\n\tat io.appium.uiautomator2.server.AppiumServlet.handleHttpRequest(AppiumServlet.java:253)\n\tat io.appium.uiautomator2.http.ServerHandler.channel...
[38;5;177m[fa99a982][0m[38;5;123m[W3C][0m Matched W3C error code 'stale element reference' to StaleElementReferenceError
[38;5;177m[fa99a982][0m[38;5;-20m[AndroidUiautomator2Driver@702b][0m Encountered internal error running command: io.appium.uiautomator2.common.exceptions.StaleElementReferenceException: The element 'By.xpath: //android.widget.Button[@resource-id="android:id/button1"]' is not linked to the same object in DOM anymore
	at io.appium.uiautomator2.model.ElementsCache.restore(ElementsCache.java:122)
	at io.appium.uiautomator2.model.ElementsCache.get(ElementsCache.java:153)
	at io.appium.uiautomator2.handler.Click.safeHandle(Click.java:36)
	at io.appium.uiautomator2.handler.request.SafeRequestHandler.handle(SafeRequestHandler.java:59)
	at io.appium.uiautomator2.server.AppiumServlet.handleRequest(AppiumServlet.java:259)
	at io.appium.uiautomator2.server.AppiumServlet.handleHttpRequest(AppiumServlet.java:253)
	at io.appium.uiautomator2.http.ServerHandler.channelRead(ServerHandler.java:77)
	at io.netty.channel.AbstractChannelHandlerContext.invokeChannelRead(AbstractChannelHandlerContext.java:366)
	at io.netty.channel.AbstractChannelHandlerContext.invokeChannelRead(AbstractChannelHandlerContext.java:352)
	at io.netty.channel.AbstractChannelHandlerContext.fireChannelRead(AbstractChannelHandlerContext.java:345)
	at io.netty.handler.codec.MessageToMessageDecoder.channelRead(MessageToMessageDecoder.java:102)
	at io.netty.channel.AbstractChannelHandlerContext.invokeChannelRead(AbstractChannelHandlerContext.java:366)
	at io.netty.channel.AbstractChannelHandlerContext.invokeChannelRead(AbstractChannelHandlerContext.java:352)
	at io.netty.channel.AbstractChannelHandlerContext.fireChannelRead(AbstractChannelHandlerContext.java:345)
	at io.netty.channel.CombinedChannelDuplexHandler$DelegatingChannelHandlerContext.fireChannelRead(CombinedChannelDuplexHandler.java:435)
	at io.netty.handler.codec.ByteToMessageDecoder.fireChannelRead(ByteToMessageDecoder.java:293)
	at io.netty.handler.codec.ByteToMessageDecoder.channelRead(ByteToMessageDecoder.java:267)
	at io.netty.channel.CombinedChannelDuplexHandler.channelRead(CombinedChannelDuplexHandler.java:250)
	at io.netty.channel.AbstractChannelHandlerContext.invokeChannelRead(AbstractChannelHandlerContext.java:366)
	at io.netty.channel.AbstractChannelHandlerContext.invokeChannelRead(AbstractChannelHandlerContext.java:352)
	at io.netty.channel.AbstractChannelHandlerContext.fireChannelRead(AbstractChannelHandlerContext.java:345)
	at io.netty.handler.timeout.IdleStateHandler.channelRead(IdleStateHandler.java:266)
	at io.netty.channel.AbstractChannelHandlerContext.invokeChannelRead(AbstractChannelHandlerContext.java:366)
	at io.netty.channel.AbstractChannelHandlerContext.invokeChannelRead(AbstractChannelHandlerContext.java:352)
	at io.netty.channel.AbstractChannelHandlerContext.fireChannelRead(AbstractChannelHandlerContext.java:345)
	at io.netty.channel.DefaultChannelPipeline$HeadContext.channelRead(DefaultChannelPipeline.java:1294)
	at io.netty.channel.AbstractChannelHandlerContext.invokeChannelRead(AbstractChannelHandlerContext.java:366)
	at io.netty.channel.AbstractChannelHandlerContext.invokeChannelRead(AbstractChannelHandlerContext.java:352)
	at io.netty.channel.DefaultChannelPipeline.fireChannelRead(DefaultChannelPipeline.java:911)
	at io.netty.channel.nio.AbstractNioByteChannel$NioByteUnsafe.read(AbstractNioByteChannel.java:131)
	at io.netty.channel.nio.NioEventLoop.processSelectedKey(NioEventLoop.java:611)
	at io.netty.channel.nio.NioEventLoop.processSelectedKeysOptimized(NioEventLoop.java:552)
	at io.netty.channel.nio.NioEventLoop.processSelectedKeys(NioEventLoop.java:466)
	at io.netty.channel.nio.NioEventLoop.run(NioEventLoop.java:438)
	at io.netty.util.concurrent.SingleThreadEventExecutor$2.run(SingleThreadEventExecutor.java:140)
	at io.netty.util.concurrent.DefaultThreadFactory$DefaultRunnableDecorator.run(DefaultThreadFactory.java:144)
	at java.lang.Thread.run(Thread.java:1012)

[38;5;177m[fa99a982][0m[38;5;86m[HTTP][0m [37m<-- POST /session/fa99a982-9b2c-4be8-b250-9af8d62ce905/element/00000000-0000-006b-ffff-ffff000000c2/click [39m[33m404[39m [90m692 ms - 4047[39m [90m[39m
[38;5;177m[fa99a982][0m[38;5;86m[HTTP][0m [37m-->[39m [37mPOST[39m [37m/session/fa99a982-9b2c-4be8-b250-9af8d62ce905/element[39m [90m{"using":"xpath","value":"//android.widget.Button[@resource-id=\"android:id/button1\"]"}[39m
[38;5;177m[fa99a982][0m[38;5;-20m[AndroidUiautomator2Driver@702b][0m Calling AppiumDriver.findElement() with args: ["xpath","//android.widget.Button[@resource-id=\"android:id/button1\"]","fa99a982-9b2c-4be8-b250-9af8d62ce905"]
[38;5;177m[fa99a982][0m[38;5;-20m[AndroidUiautomator2Driver@702b][0m Valid locator strategies for this request: xpath, id, class name, accessibility id, css selector, -android uiautomator
[38;5;177m[fa99a982][0m[38;5;-20m[AndroidUiautomator2Driver@702b][0m Waiting up to 0 ms for condition
[38;5;177m[fa99a982][0m[38;5;-20m[AndroidUiautomator2Driver@702b][0m Matched '/element' to command name 'findElement'
[38;5;177m[fa99a982][0m[38;5;-20m[AndroidUiautomator2Driver@702b][0m Proxying [POST /element] to [POST http://127.0.0.1:8201/session/fbcd7d37-f129-4c20-9b22-56ca415f417a/element] with body: {"strategy":"xpath","selector":"//android.widget.Button[@resource-id=\"android:id/button1\"]","context":"","multiple":false}
[38;5;177m[fa99a982][0m[38;5;-20m[AndroidUiautomator2Driver@702b][0m Got response with status 200: {"sessionId":"fbcd7d37-f129-4c20-9b22-56ca415f417a","value":{"ELEMENT":"00000000-0000-006c-ffff-ffff00000107","element-6066-11e4-a52e-4f735466cecf":"00000000-0000-006c-ffff-ffff00000107"}}
[38;5;177m[fa99a982][0m[38;5;-20m[AndroidUiautomator2Driver@702b][0m Responding to client with driver.findElement() result: {"element-6066-11e4-a52e-4f735466cecf":"00000000-0000-006c-ffff-ffff00000107","ELEMENT":"00000000-0000-006c-ffff-ffff00000107"}
[38;5;177m[fa99a982][0m[38;5;86m[HTTP][0m [37m<-- POST /session/fa99a982-9b2c-4be8-b250-9af8d62ce905/element [39m[32m200[39m [90m378 ms - 137[39m [90m[39m
[38;5;177m[fa99a982][0m[38;5;86m[HTTP][0m [37m-->[39m [37mPOST[39m [37m/session/fa99a982-9b2c-4be8-b250-9af8d62ce905/element/00000000-0000-006c-ffff-ffff00000107/click[39m [90m{}[39m
[38;5;177m[fa99a982][0m[38;5;-20m[AndroidUiautomator2Driver@702b][0m Calling AppiumDriver.click() with args: ["00000000-0000-006c-ffff-ffff00000107","fa99a982-9b2c-4be8-b250-9af8d62ce905"]
[38;5;177m[fa99a982][0m[38;5;-20m[AndroidUiautomator2Driver@702b][0m Matched '/element/00000000-0000-006c-ffff-ffff00000107/click' to command name 'click'
[38;5;177m[fa99a982][0m[38;5;-20m[AndroidUiautomator2Driver@702b][0m Proxying [POST /element/00000000-0000-006c-ffff-ffff00000107/click] to [POST http://127.0.0.1:8201/session/fbcd7d37-f129-4c20-9b22-56ca415f417a/element/00000000-0000-006c-ffff-ffff00000107/click] with body: {"element":"00000000-0000-006c-ffff-ffff00000107"}
[38;5;177m[fa99a982][0m[38;5;-20m[AndroidUiautomator2Driver@702b][0m Got response with status 200: {"sessionId":"fbcd7d37-f129-4c20-9b22-56ca415f417a","value":null}
[38;5;177m[fa99a982][0m[38;5;-20m[AndroidUiautomator2Driver@702b][0m Responding to client with driver.click() result: null
[38;5;177m[fa99a982][0m[38;5;86m[HTTP][0m [37m<-- POST /session/fa99a982-9b2c-4be8-b250-9af8d62ce905/element/00000000-0000-006c-ffff-ffff00000107/click [39m[32m200[39m [90m248 ms - 14[39m [90m[39m
[38;5;177m[fa99a982][0m[38;5;86m[HTTP][0m [37m-->[39m [37mPOST[39m [37m/session/fa99a982-9b2c-4be8-b250-9af8d62ce905/element[39m [90m{"using":"xpath","value":"//android.widget.EditText[@content-desc=\"Username input field\"]"}[39m
[38;5;177m[fa99a982][0m[38;5;-20m[AndroidUiautomator2Driver@702b][0m Calling AppiumDriver.findElement() with args: ["xpath","//android.widget.EditText[@content-desc=\"Username input field\"]","fa99a982-9b2c-4be8-b250-9af8d62ce905"]
[38;5;177m[fa99a982][0m[38;5;-20m[AndroidUiautomator2Driver@702b][0m Valid locator strategies for this request: xpath, id, class name, accessibility id, css selector, -android uiautomator
[38;5;177m[fa99a982][0m[38;5;-20m[AndroidUiautomator2Driver@702b][0m Waiting up to 0 ms for condition
[38;5;177m[fa99a982][0m[38;5;-20m[AndroidUiautomator2Driver@702b][0m Matched '/element' to command name 'findElement'
[38;5;177m[fa99a982][0m[38;5;-20m[AndroidUiautomator2Driver@702b][0m Proxying [POST /element] to [POST http://127.0.0.1:8201/session/fbcd7d37-f129-4c20-9b22-56ca415f417a/element] with body: {"strategy":"xpath","selector":"//android.widget.EditText[@content-desc=\"Username input field\"]","context":"","multiple":false}
[38;5;177m[fa99a982][0m[38;5;-20m[AndroidUiautomator2Driver@702b][0m Got response with status 200: {"sessionId":"fbcd7d37-f129-4c20-9b22-56ca415f417a","value":{"ELEMENT":"00000000-0000-006a-ffff-ffff000000da","element-6066-11e4-a52e-4f735466cecf":"00000000-0000-006a-ffff-ffff000000da"}}
[38;5;177m[fa99a982][0m[38;5;-20m[AndroidUiautomator2Driver@702b][0m Responding to client with driver.findElement() result: {"element-6066-11e4-a52e-4f735466cecf":"00000000-0000-006a-ffff-ffff000000da","ELEMENT":"00000000-0000-006a-ffff-ffff000000da"}
[38;5;177m[fa99a982][0m[38;5;86m[HTTP][0m [37m<-- POST /session/fa99a982-9b2c-4be8-b250-9af8d62ce905/element [39m[32m200[39m [90m1237 ms - 137[39m [90m[39m
[38;5;177m[fa99a982][0m[38;5;86m[HTTP][0m [37m-->[39m [37mPOST[39m [37m/session/fa99a982-9b2c-4be8-b250-9af8d62ce905/element/00000000-0000-006a-ffff-ffff000000da/clear[39m [90m{}[39m
[38;5;177m[fa99a982][0m[38;5;-20m[AndroidUiautomator2Driver@702b][0m Calling AppiumDriver.clear() with args: ["00000000-0000-006a-ffff-ffff000000da","fa99a982-9b2c-4be8-b250-9af8d62ce905"]
[38;5;177m[fa99a982][0m[38;5;-20m[AndroidUiautomator2Driver@702b][0m Matched '/element/00000000-0000-006a-ffff-ffff000000da/clear' to command name 'clear'
[38;5;177m[fa99a982][0m[38;5;-20m[AndroidUiautomator2Driver@702b][0m Proxying [POST /element/00000000-0000-006a-ffff-ffff000000da/clear] to [POST http://127.0.0.1:8201/session/fbcd7d37-f129-4c20-9b22-56ca415f417a/element/00000000-0000-006a-ffff-ffff000000da/clear] with body: {"elementId":"00000000-0000-006a-ffff-ffff000000da"}
[38;5;177m[fa99a982][0m[38;5;-20m[AndroidUiautomator2Driver@702b][0m Got response with status 200: {"sessionId":"fbcd7d37-f129-4c20-9b22-56ca415f417a","value":null}
[38;5;177m[fa99a982][0m[38;5;-20m[AndroidUiautomator2Driver@702b][0m Responding to client with driver.clear() result: null
[38;5;177m[fa99a982][0m[38;5;86m[HTTP][0m [37m<-- POST /session/fa99a982-9b2c-4be8-b250-9af8d62ce905/element/00000000-0000-006a-ffff-ffff000000da/clear [39m[32m200[39m [90m116 ms - 14[39m [90m[39m
[38;5;177m[fa99a982][0m[38;5;86m[HTTP][0m [37m-->[39m [37mPOST[39m [37m/session/fa99a982-9b2c-4be8-b250-9af8d62ce905/element[39m [90m{"using":"xpath","value":"//android.widget.EditText[@content-desc=\"Username input field\"]"}[39m
[38;5;177m[fa99a982][0m[38;5;-20m[AndroidUiautomator2Driver@702b][0m Calling AppiumDriver.findElement() with args: ["xpath","//android.widget.EditText[@content-desc=\"Username input field\"]","fa99a982-9b2c-4be8-b250-9af8d62ce905"]
[38;5;177m[fa99a982][0m[38;5;-20m[AndroidUiautomator2Driver@702b][0m Valid locator strategies for this request: xpath, id, class name, accessibility id, css selector, -android uiautomator
[38;5;177m[fa99a982][0m[38;5;-20m[AndroidUiautomator2Driver@702b][0m Waiting up to 0 ms for condition
[38;5;177m[fa99a982][0m[38;5;-20m[AndroidUiautomator2Driver@702b][0m Matched '/element' to command name 'findElement'
[38;5;177m[fa99a982][0m[38;5;-20m[AndroidUiautomator2Driver@702b][0m Proxying [POST /element] to [POST http://127.0.0.1:8201/session/fbcd7d37-f129-4c20-9b22-56ca415f417a/element] with body: {"strategy":"xpath","selector":"//android.widget.EditText[@content-desc=\"Username input field\"]","context":"","multiple":false}
[38;5;177m[fa99a982][0m[38;5;-20m[AndroidUiautomator2Driver@702b][0m Got response with status 200: {"sessionId":"fbcd7d37-f129-4c20-9b22-56ca415f417a","value":{"ELEMENT":"00000000-0000-006a-ffff-ffff000000da","element-6066-11e4-a52e-4f735466cecf":"00000000-0000-006a-ffff-ffff000000da"}}
[38;5;177m[fa99a982][0m[38;5;-20m[AndroidUiautomator2Driver@702b][0m Responding to client with driver.findElement() result: {"element-6066-11e4-a52e-4f735466cecf":"00000000-0000-006a-ffff-ffff000000da","ELEMENT":"00000000-0000-006a-ffff-ffff000000da"}
[38;5;177m[fa99a982][0m[38;5;86m[HTTP][0m [37m<-- POST /session/fa99a982-9b2c-4be8-b250-9af8d62ce905/element [39m[32m200[39m [90m962 ms - 137[39m [90m[39m
[38;5;177m[fa99a982][0m[38;5;86m[HTTP][0m [37m-->[39m [37mPOST[39m [37m/session/fa99a982-9b2c-4be8-b250-9af8d62ce905/element/00000000-0000-006a-ffff-ffff000000da/clear[39m [90m{}[39m
[38;5;177m[fa99a982][0m[38;5;-20m[AndroidUiautomator2Driver@702b][0m Calling AppiumDriver.clear() with args: ["00000000-0000-006a-ffff-ffff000000da","fa99a982-9b2c-4be8-b250-9af8d62ce905"]
[38;5;177m[fa99a982][0m[38;5;-20m[AndroidUiautomator2Driver@702b][0m Matched '/element/00000000-0000-006a-ffff-ffff000000da/clear' to command name 'clear'
[38;5;177m[fa99a982][0m[38;5;-20m[AndroidUiautomator2Driver@702b][0m Proxying [POST /element/00000000-0000-006a-ffff-ffff000000da/clear] to [POST http://127.0.0.1:8201/session/fbcd7d37-f129-4c20-9b22-56ca415f417a/element/00000000-0000-006a-ffff-ffff000000da/clear] with body: {"elementId":"00000000-0000-006a-ffff-ffff000000da"}
[38;5;177m[fa99a982][0m[38;5;-20m[AndroidUiautomator2Driver@702b][0m Got response with status 200: {"sessionId":"fbcd7d37-f129-4c20-9b22-56ca415f417a","value":null}
[38;5;177m[fa99a982][0m[38;5;-20m[AndroidUiautomator2Driver@702b][0m Responding to client with driver.clear() result: null
[38;5;177m[fa99a982][0m[38;5;86m[HTTP][0m [37m<-- POST /session/fa99a982-9b2c-4be8-b250-9af8d62ce905/element/00000000-0000-006a-ffff-ffff000000da/clear [39m[32m200[39m [90m68 ms - 14[39m [90m[39m
[38;5;177m[fa99a982][0m[38;5;86m[HTTP][0m [37m-->[39m [37mPOST[39m [37m/session/fa99a982-9b2c-4be8-b250-9af8d62ce905/element/00000000-0000-006a-ffff-ffff000000da/value[39m [90m{"text":"bob@example.com"}[39m
[38;5;177m[fa99a982][0m[38;5;-20m[AndroidUiautomator2Driver@702b][0m Calling AppiumDriver.setValue() with args: ["bob@example.com","00000000-0000-006a-ffff-ffff000000da","fa99a982-9b2c-4be8-b250-9af8d62ce905"]
[38;5;177m[fa99a982][0m[38;5;-20m[AndroidUiautomator2Driver@702b][0m Matched '/element/00000000-0000-006a-ffff-ffff000000da/value' to command name 'setValue'
[38;5;177m[fa99a982][0m[38;5;-20m[AndroidUiautomator2Driver@702b][0m Added 'value' property ["b","o","b","@","e","x","a","m","p","l","e",".","c","o","m"] to 'setValue' request body
[38;5;177m[fa99a982][0m[38;5;-20m[AndroidUiautomator2Driver@702b][0m Proxying [POST /element/00000000-0000-006a-ffff-ffff000000da/value] to [POST http://127.0.0.1:8201/session/fbcd7d37-f129-4c20-9b22-56ca415f417a/element/00000000-0000-006a-ffff-ffff000000da/value] with body: {"elementId":"00000000-0000-006a-ffff-ffff000000da","text":"bob@example.com","replace":false,"value":["b","o","b","@","e","x","a","m","p","l","e",".","c","o","m"]}
[38;5;177m[fa99a982][0m[38;5;-20m[AndroidUiautomator2Driver@702b][0m Got response with status 200: {"sessionId":"fbcd7d37-f129-4c20-9b22-56ca415f417a","value":null}
[38;5;177m[fa99a982][0m[38;5;-20m[AndroidUiautomator2Driver@702b][0m Responding to client with driver.setValue() result: null
[38;5;177m[fa99a982][0m[38;5;86m[HTTP][0m [37m<-- POST /session/fa99a982-9b2c-4be8-b250-9af8d62ce905/element/00000000-0000-006a-ffff-ffff000000da/value [39m[32m200[39m [90m749 ms - 14[39m [90m[39m
[38;5;177m[fa99a982][0m[38;5;86m[HTTP][0m [37m-->[39m [37mPOST[39m [37m/session/fa99a982-9b2c-4be8-b250-9af8d62ce905/element[39m [90m{"using":"xpath","value":"//android.widget.EditText[@content-desc=\"Password input field\"]"}[39m
[38;5;177m[fa99a982][0m[38;5;-20m[AndroidUiautomator2Driver@702b][0m Calling AppiumDriver.findElement() with args: ["xpath","//android.widget.EditText[@content-desc=\"Password input field\"]","fa99a982-9b2c-4be8-b250-9af8d62ce905"]
[38;5;177m[fa99a982][0m[38;5;-20m[AndroidUiautomator2Driver@702b][0m Valid locator strategies for this request: xpath, id, class name, accessibility id, css selector, -android uiautomator
[38;5;177m[fa99a982][0m[38;5;-20m[AndroidUiautomator2Driver@702b][0m Waiting up to 0 ms for condition
[38;5;177m[fa99a982][0m[38;5;-20m[AndroidUiautomator2Driver@702b][0m Matched '/element' to command name 'findElement'
[38;5;177m[fa99a982][0m[38;5;-20m[AndroidUiautomator2Driver@702b][0m Proxying [POST /element] to [POST http://127.0.0.1:8201/session/fbcd7d37-f129-4c20-9b22-56ca415f417a/element] with body: {"strategy":"xpath","selector":"//android.widget.EditText[@content-desc=\"Password input field\"]","context":"","multiple":false}
[38;5;177m[fa99a982][0m[38;5;-20m[AndroidUiautomator2Driver@702b][0m Got response with status 200: {"sessionId":"fbcd7d37-f129-4c20-9b22-56ca415f417a","value":{"ELEMENT":"00000000-0000-006a-ffff-ffff000000dd","element-6066-11e4-a52e-4f735466cecf":"00000000-0000-006a-ffff-ffff000000dd"}}
[38;5;177m[fa99a982][0m[38;5;-20m[AndroidUiautomator2Driver@702b][0m Responding to client with driver.findElement() result: {"element-6066-11e4-a52e-4f735466cecf":"00000000-0000-006a-ffff-ffff000000dd","ELEMENT":"00000000-0000-006a-ffff-ffff000000dd"}
[38;5;177m[fa99a982][0m[38;5;86m[HTTP][0m [37m<-- POST /session/fa99a982-9b2c-4be8-b250-9af8d62ce905/element [39m[32m200[39m [90m1671 ms - 137[39m [90m[39m
[38;5;177m[fa99a982][0m[38;5;86m[HTTP][0m [37m-->[39m [37mPOST[39m [37m/session/fa99a982-9b2c-4be8-b250-9af8d62ce905/element/00000000-0000-006a-ffff-ffff000000dd/clear[39m [90m{}[39m
[38;5;177m[fa99a982][0m[38;5;-20m[AndroidUiautomator2Driver@702b][0m Calling AppiumDriver.clear() with args: ["00000000-0000-006a-ffff-ffff000000dd","fa99a982-9b2c-4be8-b250-9af8d62ce905"]
[38;5;177m[fa99a982][0m[38;5;-20m[AndroidUiautomator2Driver@702b][0m Matched '/element/00000000-0000-006a-ffff-ffff000000dd/clear' to command name 'clear'
[38;5;177m[fa99a982][0m[38;5;-20m[AndroidUiautomator2Driver@702b][0m Proxying [POST /element/00000000-0000-006a-ffff-ffff000000dd/clear] to [POST http://127.0.0.1:8201/session/fbcd7d37-f129-4c20-9b22-56ca415f417a/element/00000000-0000-006a-ffff-ffff000000dd/clear] with body: {"elementId":"00000000-0000-006a-ffff-ffff000000dd"}
[38;5;177m[fa99a982][0m[38;5;-20m[AndroidUiautomator2Driver@702b][0m Got response with status 200: {"sessionId":"fbcd7d37-f129-4c20-9b22-56ca415f417a","value":null}
[38;5;177m[fa99a982][0m[38;5;-20m[AndroidUiautomator2Driver@702b][0m Responding to client with driver.clear() result: null
[38;5;177m[fa99a982][0m[38;5;86m[HTTP][0m [37m<-- POST /session/fa99a982-9b2c-4be8-b250-9af8d62ce905/element/00000000-0000-006a-ffff-ffff000000dd/clear [39m[32m200[39m [90m208 ms - 14[39m [90m[39m
[38;5;177m[fa99a982][0m[38;5;86m[HTTP][0m [37m-->[39m [37mPOST[39m [37m/session/fa99a982-9b2c-4be8-b250-9af8d62ce905/element[39m [90m{"using":"xpath","value":"//android.widget.EditText[@content-desc=\"Password input field\"]"}[39m
[38;5;177m[fa99a982][0m[38;5;-20m[AndroidUiautomator2Driver@702b][0m Calling AppiumDriver.findElement() with args: ["xpath","//android.widget.EditText[@content-desc=\"Password input field\"]","fa99a982-9b2c-4be8-b250-9af8d62ce905"]
[38;5;177m[fa99a982][0m[38;5;-20m[AndroidUiautomator2Driver@702b][0m Valid locator strategies for this request: xpath, id, class name, accessibility id, css selector, -android uiautomator
[38;5;177m[fa99a982][0m[38;5;-20m[AndroidUiautomator2Driver@702b][0m Waiting up to 0 ms for condition
[38;5;177m[fa99a982][0m[38;5;-20m[AndroidUiautomator2Driver@702b][0m Matched '/element' to command name 'findElement'
[38;5;177m[fa99a982][0m[38;5;-20m[AndroidUiautomator2Driver@702b][0m Proxying [POST /element] to [POST http://127.0.0.1:8201/session/fbcd7d37-f129-4c20-9b22-56ca415f417a/element] with body: {"strategy":"xpath","selector":"//android.widget.EditText[@content-desc=\"Password input field\"]","context":"","multiple":false}
[38;5;177m[fa99a982][0m[38;5;-20m[AndroidUiautomator2Driver@702b][0m Got response with status 200: {"sessionId":"fbcd7d37-f129-4c20-9b22-56ca415f417a","value":{"ELEMENT":"00000000-0000-006a-ffff-ffff000000dd","element-6066-11e4-a52e-4f735466cecf":"00000000-0000-006a-ffff-ffff000000dd"}}
[38;5;177m[fa99a982][0m[38;5;-20m[AndroidUiautomator2Driver@702b][0m Responding to client with driver.findElement() result: {"element-6066-11e4-a52e-4f735466cecf":"00000000-0000-006a-ffff-ffff000000dd","ELEMENT":"00000000-0000-006a-ffff-ffff000000dd"}
[38;5;177m[fa99a982][0m[38;5;86m[HTTP][0m [37m<-- POST /session/fa99a982-9b2c-4be8-b250-9af8d62ce905/element [39m[32m200[39m [90m1769 ms - 137[39m [90m[39m
[38;5;177m[fa99a982][0m[38;5;86m[HTTP][0m [37m-->[39m [37mPOST[39m [37m/session/fa99a982-9b2c-4be8-b250-9af8d62ce905/element/00000000-0000-006a-ffff-ffff000000dd/clear[39m [90m{}[39m
[38;5;177m[fa99a982][0m[38;5;-20m[AndroidUiautomator2Driver@702b][0m Calling AppiumDriver.clear() with args: ["00000000-0000-006a-ffff-ffff000000dd","fa99a982-9b2c-4be8-b250-9af8d62ce905"]
[38;5;177m[fa99a982][0m[38;5;-20m[AndroidUiautomator2Driver@702b][0m Matched '/element/00000000-0000-006a-ffff-ffff000000dd/clear' to command name 'clear'
[38;5;177m[fa99a982][0m[38;5;-20m[AndroidUiautomator2Driver@702b][0m Proxying [POST /element/00000000-0000-006a-ffff-ffff000000dd/clear] to [POST http://127.0.0.1:8201/session/fbcd7d37-f129-4c20-9b22-56ca415f417a/element/00000000-0000-006a-ffff-ffff000000dd/clear] with body: {"elementId":"00000000-0000-006a-ffff-ffff000000dd"}
[38;5;177m[fa99a982][0m[38;5;-20m[AndroidUiautomator2Driver@702b][0m Got response with status 200: {"sessionId":"fbcd7d37-f129-4c20-9b22-56ca415f417a","value":null}
[38;5;177m[fa99a982][0m[38;5;-20m[AndroidUiautomator2Driver@702b][0m Responding to client with driver.clear() result: null
[38;5;177m[fa99a982][0m[38;5;86m[HTTP][0m [37m<-- POST /session/fa99a982-9b2c-4be8-b250-9af8d62ce905/element/00000000-0000-006a-ffff-ffff000000dd/clear [39m[32m200[39m [90m69 ms - 14[39m [90m[39m
[38;5;177m[fa99a982][0m[38;5;86m[HTTP][0m [37m-->[39m [37mPOST[39m [37m/session/fa99a982-9b2c-4be8-b250-9af8d62ce905/element/00000000-0000-006a-ffff-ffff000000dd/value[39m [90m{"text":"10203040"}[39m
[38;5;177m[fa99a982][0m[38;5;-20m[AndroidUiautomator2Driver@702b][0m Calling AppiumDriver.setValue() with args: ["10203040","00000000-0000-006a-ffff-ffff000000dd","fa99a982-9b2c-4be8-b250-9af8d62ce905"]
[38;5;177m[fa99a982][0m[38;5;-20m[AndroidUiautomator2Driver@702b][0m Matched '/element/00000000-0000-006a-ffff-ffff000000dd/value' to command name 'setValue'
[38;5;177m[fa99a982][0m[38;5;-20m[AndroidUiautomator2Driver@702b][0m Added 'value' property ["1","0","2","0","3","0","4","0"] to 'setValue' request body
[38;5;177m[fa99a982][0m[38;5;-20m[AndroidUiautomator2Driver@702b][0m Proxying [POST /element/00000000-0000-006a-ffff-ffff000000dd/value] to [POST http://127.0.0.1:8201/session/fbcd7d37-f129-4c20-9b22-56ca415f417a/element/00000000-0000-006a-ffff-ffff000000dd/value] with body: {"elementId":"00000000-0000-006a-ffff-ffff000000dd","text":"10203040","replace":false,"value":["1","0","2","0","3","0","4","0"]}
[38;5;177m[fa99a982][0m[38;5;-20m[AndroidUiautomator2Driver@702b][0m Got response with status 200: {"sessionId":"fbcd7d37-f129-4c20-9b22-56ca415f417a","value":null}
[38;5;177m[fa99a982][0m[38;5;-20m[AndroidUiautomator2Driver@702b][0m Responding to client with driver.setValue() result: null
[38;5;177m[fa99a982][0m[38;5;86m[HTTP][0m [37m<-- POST /session/fa99a982-9b2c-4be8-b250-9af8d62ce905/element/00000000-0000-006a-ffff-ffff000000dd/value [39m[32m200[39m [90m580 ms - 14[39m [90m[39m
[38;5;177m[fa99a982][0m[38;5;86m[HTTP][0m [37m-->[39m [37mPOST[39m [37m/session/fa99a982-9b2c-4be8-b250-9af8d62ce905/element[39m [90m{"using":"xpath","value":"//android.view.ViewGroup[@content-desc=\"Login button\"]"}[39m
[38;5;177m[fa99a982][0m[38;5;-20m[AndroidUiautomator2Driver@702b][0m Calling AppiumDriver.findElement() with args: ["xpath","//android.view.ViewGroup[@content-desc=\"Login button\"]","fa99a982-9b2c-4be8-b250-9af8d62ce905"]
[38;5;177m[fa99a982][0m[38;5;-20m[AndroidUiautomator2Driver@702b][0m Valid locator strategies for this request: xpath, id, class name, accessibility id, css selector, -android uiautomator
[38;5;177m[fa99a982][0m[38;5;-20m[AndroidUiautomator2Driver@702b][0m Waiting up to 0 ms for condition
[38;5;177m[fa99a982][0m[38;5;-20m[AndroidUiautomator2Driver@702b][0m Matched '/element' to command name 'findElement'
[38;5;177m[fa99a982][0m[38;5;-20m[AndroidUiautomator2Driver@702b][0m Proxying [POST /element] to [POST http://127.0.0.1:8201/session/fbcd7d37-f129-4c20-9b22-56ca415f417a/element] with body: {"strategy":"xpath","selector":"//android.view.ViewGroup[@content-desc=\"Login button\"]","context":"","multiple":false}
[38;5;177m[fa99a982][0m[38;5;-20m[AndroidUiautomator2Driver@702b][0m Got response with status 200: {"sessionId":"fbcd7d37-f129-4c20-9b22-56ca415f417a","value":{"ELEMENT":"00000000-0000-006a-ffff-ffff000000e0","element-6066-11e4-a52e-4f735466cecf":"00000000-0000-006a-ffff-ffff000000e0"}}
[38;5;177m[fa99a982][0m[38;5;-20m[AndroidUiautomator2Driver@702b][0m Responding to client with driver.findElement() result: {"element-6066-11e4-a52e-4f735466cecf":"00000000-0000-006a-ffff-ffff000000e0","ELEMENT":"00000000-0000-006a-ffff-ffff000000e0"}
[38;5;177m[fa99a982][0m[38;5;86m[HTTP][0m [37m<-- POST /session/fa99a982-9b2c-4be8-b250-9af8d62ce905/element [39m[32m200[39m [90m1721 ms - 137[39m [90m[39m
[38;5;177m[fa99a982][0m[38;5;86m[HTTP][0m [37m-->[39m [37mPOST[39m [37m/session/fa99a982-9b2c-4be8-b250-9af8d62ce905/element/00000000-0000-006a-ffff-ffff000000e0/click[39m [90m{}[39m
[38;5;177m[fa99a982][0m[38;5;-20m[AndroidUiautomator2Driver@702b][0m Calling AppiumDriver.click() with args: ["00000000-0000-006a-ffff-ffff000000e0","fa99a982-9b2c-4be8-b250-9af8d62ce905"]
[38;5;177m[fa99a982][0m[38;5;-20m[AndroidUiautomator2Driver@702b][0m Matched '/element/00000000-0000-006a-ffff-ffff000000e0/click' to command name 'click'
[38;5;177m[fa99a982][0m[38;5;-20m[AndroidUiautomator2Driver@702b][0m Proxying [POST /element/00000000-0000-006a-ffff-ffff000000e0/click] to [POST http://127.0.0.1:8201/session/fbcd7d37-f129-4c20-9b22-56ca415f417a/element/00000000-0000-006a-ffff-ffff000000e0/click] with body: {"element":"00000000-0000-006a-ffff-ffff000000e0"}
[38;5;177m[fa99a982][0m[38;5;-20m[AndroidUiautomator2Driver@702b][0m Got response with status 200: {"sessionId":"fbcd7d37-f129-4c20-9b22-56ca415f417a","value":null}
[38;5;177m[fa99a982][0m[38;5;-20m[AndroidUiautomator2Driver@702b][0m Responding to client with driver.click() result: null
[38;5;177m[fa99a982][0m[38;5;86m[HTTP][0m [37m<-- POST /session/fa99a982-9b2c-4be8-b250-9af8d62ce905/element/00000000-0000-006a-ffff-ffff000000e0/click [39m[32m200[39m [90m246 ms - 14[39m [90m[39m
[38;5;177m[fa99a982][0m[38;5;86m[HTTP][0m [37m-->[39m [37mPOST[39m [37m/session/fa99a982-9b2c-4be8-b250-9af8d62ce905/element[39m [90m{"using":"xpath","value":"//android.widget.TextView[@text=\"Checkout\"]"}[39m
[38;5;177m[fa99a982][0m[38;5;-20m[AndroidUiautomator2Driver@702b][0m Calling AppiumDriver.findElement() with args: ["xpath","//android.widget.TextView[@text=\"Checkout\"]","fa99a982-9b2c-4be8-b250-9af8d62ce905"]
[38;5;177m[fa99a982][0m[38;5;-20m[AndroidUiautomator2Driver@702b][0m Valid locator strategies for this request: xpath, id, class name, accessibility id, css selector, -android uiautomator
[38;5;177m[fa99a982][0m[38;5;-20m[AndroidUiautomator2Driver@702b][0m Waiting up to 0 ms for condition
[38;5;177m[fa99a982][0m[38;5;-20m[AndroidUiautomator2Driver@702b][0m Matched '/element' to command name 'findElement'
[38;5;177m[fa99a982][0m[38;5;-20m[AndroidUiautomator2Driver@702b][0m Proxying [POST /element] to [POST http://127.0.0.1:8201/session/fbcd7d37-f129-4c20-9b22-56ca415f417a/element] with body: {"strategy":"xpath","selector":"//android.widget.TextView[@text=\"Checkout\"]","context":"","multiple":false}
[38;5;177m[fa99a982][0m[38;5;-20m[AndroidUiautomator2Driver@702b][0m Got response with status 404: {"sessionId":"fbcd7d37-f129-4c20-9b22-56ca415f417a","value":{"error":"no such element","message":"An element could not be located on the page using the given search parameters","stacktrace":"io.appium.uiautomator2.common.exceptions.ElementNotFoundException: An element could not be located on the page using the given search parameters\n\tat io.appium.uiautomator2.utils.ElementLocationHelpers.findElement(ElementLocationHelpers.java:156)\n\tat io.appium.uiautomator2.handler.FindElement.safeHandle(FindElement.java:60)\n\tat io.appium.uiautomator2.handler.request.SafeRequestHandler.handle(SafeRequestHandler.java:59)\n\tat io.appium.uiautomator2.server.AppiumServlet.handleRequest(AppiumServlet.java:259)\n\tat io.appium.uiautomator2.server.AppiumServlet.handleHttpRequest(AppiumServlet.java:253)\n\tat io.appium.uiautomator2.http.ServerHandler.channelRead(ServerHandler.java:77)\n\tat io.netty.channel.AbstractChannelHandlerContext.invokeChannelRead(AbstractChannelHandlerContext.java:366)\n\tat io.netty.channel.Abstr...
[38;5;177m[fa99a982][0m[38;5;123m[W3C][0m Matched W3C error code 'no such element' to NoSuchElementError
[38;5;177m[fa99a982][0m[38;5;-20m[AndroidUiautomator2Driver@702b][0m Encountered internal error running command: NoSuchElementError: An element could not be located on the page using the given search parameters.
    at AndroidUiautomator2Driver.findElOrEls (C:\Users\User\Downloads\appium-webdriverio-cucumber-master\appium-webdriverio-cucumber-master\node_modules\appium-uiautomator2-driver\node_modules\appium-android-driver\lib\commands\find.ts:86:11)
    at processTicksAndRejections (node:internal/process/task_queues:95:5)
    at AndroidUiautomator2Driver.findElOrElsWithProcessing (C:\Users\User\Downloads\appium-webdriverio-cucumber-master\appium-webdriverio-cucumber-master\node_modules\appium-uiautomator2-driver\node_modules\@appium\base-driver\lib\basedriver\commands\find.ts:60:12)
    at AndroidUiautomator2Driver.findElement (C:\Users\User\Downloads\appium-webdriverio-cucumber-master\appium-webdriverio-cucumber-master\node_modules\appium-uiautomator2-driver\node_modules\@appium\base-driver\lib\basedriver\commands\find.ts:75:12)
[38;5;177m[fa99a982][0m[38;5;86m[HTTP][0m [37m<-- POST /session/fa99a982-9b2c-4be8-b250-9af8d62ce905/element [39m[33m404[39m [90m797 ms - 1121[39m [90m[39m
[38;5;177m[fa99a982][0m[38;5;86m[HTTP][0m [37m-->[39m [37mPOST[39m [37m/session/fa99a982-9b2c-4be8-b250-9af8d62ce905/elements[39m [90m{"using":"xpath","value":"//android.widget.TextView[@text=\"Checkout\"]"}[39m
[38;5;177m[fa99a982][0m[38;5;-20m[AndroidUiautomator2Driver@702b][0m Calling AppiumDriver.findElements() with args: ["xpath","//android.widget.TextView[@text=\"Checkout\"]","fa99a982-9b2c-4be8-b250-9af8d62ce905"]
[38;5;177m[fa99a982][0m[38;5;-20m[AndroidUiautomator2Driver@702b][0m Valid locator strategies for this request: xpath, id, class name, accessibility id, css selector, -android uiautomator
[38;5;177m[fa99a982][0m[38;5;-20m[AndroidUiautomator2Driver@702b][0m Waiting up to 0 ms for condition
[38;5;177m[fa99a982][0m[38;5;-20m[AndroidUiautomator2Driver@702b][0m Matched '/elements' to command name 'findElements'
[38;5;177m[fa99a982][0m[38;5;-20m[AndroidUiautomator2Driver@702b][0m Proxying [POST /elements] to [POST http://127.0.0.1:8201/session/fbcd7d37-f129-4c20-9b22-56ca415f417a/elements] with body: {"strategy":"xpath","selector":"//android.widget.TextView[@text=\"Checkout\"]","context":"","multiple":true}
[38;5;177m[fa99a982][0m[38;5;-20m[AndroidUiautomator2Driver@702b][0m Got response with status 200: {"sessionId":"fbcd7d37-f129-4c20-9b22-56ca415f417a","value":[{"ELEMENT":"00000000-0000-006a-ffff-ffff0000013b","element-6066-11e4-a52e-4f735466cecf":"00000000-0000-006a-ffff-ffff0000013b"}]}
[38;5;177m[fa99a982][0m[38;5;-20m[AndroidUiautomator2Driver@702b][0m Responding to client with driver.findElements() result: [{"element-6066-11e4-a52e-4f735466cecf":"00000000-0000-006a-ffff-ffff0000013b","ELEMENT":"00000000-0000-006a-ffff-ffff0000013b"}]
[38;5;177m[fa99a982][0m[38;5;86m[HTTP][0m [37m<-- POST /session/fa99a982-9b2c-4be8-b250-9af8d62ce905/elements [39m[32m200[39m [90m2057 ms - 139[39m [90m[39m
[38;5;177m[fa99a982][0m[38;5;86m[HTTP][0m [37m-->[39m [37mPOST[39m [37m/session/fa99a982-9b2c-4be8-b250-9af8d62ce905/element[39m [90m{"using":"xpath","value":"//android.widget.TextView[@text=\"Checkout\"]"}[39m
[38;5;177m[fa99a982][0m[38;5;-20m[AndroidUiautomator2Driver@702b][0m Calling AppiumDriver.findElement() with args: ["xpath","//android.widget.TextView[@text=\"Checkout\"]","fa99a982-9b2c-4be8-b250-9af8d62ce905"]
[38;5;177m[fa99a982][0m[38;5;-20m[AndroidUiautomator2Driver@702b][0m Valid locator strategies for this request: xpath, id, class name, accessibility id, css selector, -android uiautomator
[38;5;177m[fa99a982][0m[38;5;-20m[AndroidUiautomator2Driver@702b][0m Waiting up to 0 ms for condition
[38;5;177m[fa99a982][0m[38;5;-20m[AndroidUiautomator2Driver@702b][0m Matched '/element' to command name 'findElement'
[38;5;177m[fa99a982][0m[38;5;-20m[AndroidUiautomator2Driver@702b][0m Proxying [POST /element] to [POST http://127.0.0.1:8201/session/fbcd7d37-f129-4c20-9b22-56ca415f417a/element] with body: {"strategy":"xpath","selector":"//android.widget.TextView[@text=\"Checkout\"]","context":"","multiple":false}
[38;5;177m[fa99a982][0m[38;5;-20m[AndroidUiautomator2Driver@702b][0m Got response with status 200: {"sessionId":"fbcd7d37-f129-4c20-9b22-56ca415f417a","value":{"ELEMENT":"00000000-0000-006a-ffff-ffff0000013b","element-6066-11e4-a52e-4f735466cecf":"00000000-0000-006a-ffff-ffff0000013b"}}
[38;5;177m[fa99a982][0m[38;5;-20m[AndroidUiautomator2Driver@702b][0m Responding to client with driver.findElement() result: {"element-6066-11e4-a52e-4f735466cecf":"00000000-0000-006a-ffff-ffff0000013b","ELEMENT":"00000000-0000-006a-ffff-ffff0000013b"}
[38;5;177m[fa99a982][0m[38;5;86m[HTTP][0m [37m<-- POST /session/fa99a982-9b2c-4be8-b250-9af8d62ce905/element [39m[32m200[39m [90m452 ms - 137[39m [90m[39m
[38;5;177m[fa99a982][0m[38;5;86m[HTTP][0m [37m-->[39m [37mGET[39m [37m/session/fa99a982-9b2c-4be8-b250-9af8d62ce905/element/00000000-0000-006a-ffff-ffff0000013b/text[39m [90m{}[39m
[38;5;177m[fa99a982][0m[38;5;-20m[AndroidUiautomator2Driver@702b][0m Driver proxy active, passing request on via HTTP proxy
[38;5;177m[fa99a982][0m[38;5;-20m[AndroidUiautomator2Driver@702b][0m Matched '/session/fa99a982-9b2c-4be8-b250-9af8d62ce905/element/00000000-0000-006a-ffff-ffff0000013b/text' to command name 'getText'
[38;5;177m[fa99a982][0m[38;5;-20m[AndroidUiautomator2Driver@702b][0m Proxying [GET /session/fa99a982-9b2c-4be8-b250-9af8d62ce905/element/00000000-0000-006a-ffff-ffff0000013b/text] to [GET http://127.0.0.1:8201/session/fbcd7d37-f129-4c20-9b22-56ca415f417a/element/00000000-0000-006a-ffff-ffff0000013b/text] with no body
[38;5;177m[fa99a982][0m[38;5;-20m[AndroidUiautomator2Driver@702b][0m Got response with status 200: {"sessionId":"fbcd7d37-f129-4c20-9b22-56ca415f417a","value":"Checkout"}
[38;5;177m[fa99a982][0m[38;5;-20m[AndroidUiautomator2Driver@702b][0m Replacing sessionId fbcd7d37-f129-4c20-9b22-56ca415f417a with fa99a982-9b2c-4be8-b250-9af8d62ce905
[38;5;177m[fa99a982][0m[38;5;86m[HTTP][0m [37m<-- GET /session/fa99a982-9b2c-4be8-b250-9af8d62ce905/element/00000000-0000-006a-ffff-ffff0000013b/text [39m[32m200[39m [90m57 ms - 71[39m [90m[39m
[38;5;177m[fa99a982][0m[38;5;86m[HTTP][0m [37m-->[39m [37mDELETE[39m [37m/session/fa99a982-9b2c-4be8-b250-9af8d62ce905[39m [90m{}[39m
[38;5;177m[fa99a982][0m[38;5;-20m[AndroidUiautomator2Driver@702b][0m Calling AppiumDriver.deleteSession() with args: ["fa99a982-9b2c-4be8-b250-9af8d62ce905"]
[38;5;177m[fa99a982][0m[38;5;89m[AppiumDriver@0c48][0m Event 'quitSessionRequested' logged at 1721546649857 (12:54:09 GMT+0530 (India Standard Time))
[38;5;177m[fa99a982][0m[38;5;89m[AppiumDriver@0c48][0m Removing session fa99a982-9b2c-4be8-b250-9af8d62ce905 from our master session list
[38;5;177m[fa99a982][0m[38;5;-20m[AndroidUiautomator2Driver@702b][0m Deleting UiAutomator2 session
[38;5;177m[fa99a982][0m[38;5;-20m[AndroidUiautomator2Driver@702b][0m Deleting UiAutomator2 server session
[38;5;177m[fa99a982][0m[38;5;-20m[AndroidUiautomator2Driver@702b][0m Matched '/' to command name 'deleteSession'
[38;5;177m[fa99a982][0m[38;5;-20m[AndroidUiautomator2Driver@702b][0m Proxying [DELETE /] to [DELETE http://127.0.0.1:8201/session/fbcd7d37-f129-4c20-9b22-56ca415f417a] with no body
[38;5;177m[fa99a982][0m[38;5;-20m[AndroidUiautomator2Driver@702b][0m Got response with status 200: {"sessionId":"fbcd7d37-f129-4c20-9b22-56ca415f417a","value":null}
[38;5;177m[fa99a982][0m[38;5;229m[ADB][0m Running 'C:\Users\User\AppData\Local\Android\Sdk\platform-tools\adb.exe -P 5037 -s emulator-5554 shell dumpsys activity services io.appium.settings/.recorder.RecorderService'
[38;5;177m[fa99a982][0m[38;5;229m[ADB][0m Running 'C:\Users\User\AppData\Local\Android\Sdk\platform-tools\adb.exe -P 5037 -s emulator-5554 shell am force-stop com.saucelabs.mydemoapp.rn'
[38;5;74m[Instrumentation][0m .
[38;5;177m[fa99a982][0m[38;5;-20m[AndroidUiautomator2Driver@702b][0m Capability 'fullReset' set to 'true', Uninstalling 'com.saucelabs.mydemoapp.rn'
[38;5;177m[fa99a982][0m[38;5;229m[ADB][0m Uninstalling com.saucelabs.mydemoapp.rn
[38;5;177m[fa99a982][0m[38;5;229m[ADB][0m Getting install status for com.saucelabs.mydemoapp.rn
[38;5;177m[fa99a982][0m[38;5;229m[ADB][0m Running 'C:\Users\User\AppData\Local\Android\Sdk\platform-tools\adb.exe -P 5037 -s emulator-5554 shell cmd package list packages'
[38;5;74m[Instrumentation][0m Time: 46.55

OK (1 test)
[38;5;74m[Instrumentation][0m The process has exited with code 0
[38;5;177m[fa99a982][0m[38;5;229m[ADB][0m 'com.saucelabs.mydemoapp.rn' is installed
[38;5;177m[fa99a982][0m[38;5;229m[ADB][0m Running 'C:\Users\User\AppData\Local\Android\Sdk\platform-tools\adb.exe -P 5037 -s emulator-5554 shell am force-stop com.saucelabs.mydemoapp.rn'
[38;5;177m[fa99a982][0m[38;5;229m[ADB][0m Running 'C:\Users\User\AppData\Local\Android\Sdk\platform-tools\adb.exe -P 5037 -s emulator-5554 uninstall com.saucelabs.mydemoapp.rn'
[38;5;177m[fa99a982][0m[38;5;229m[ADB][0m 'adb uninstall com.saucelabs.mydemoapp.rn' command output: Success
[38;5;177m[fa99a982][0m[38;5;229m[ADB][0m com.saucelabs.mydemoapp.rn was successfully uninstalled
[38;5;177m[fa99a982][0m[38;5;160m[Logcat][0m Stopping logcat capture
[38;5;177m[fa99a982][0m[38;5;229m[ADB][0m Removing forwarded port socket connection: 8201 
[38;5;177m[fa99a982][0m[38;5;229m[ADB][0m Running 'C:\Users\User\AppData\Local\Android\Sdk\platform-tools\adb.exe -P 5037 -s emulator-5554 forward --remove tcp:8201'
[38;5;177m[fa99a982][0m[38;5;-20m[AndroidUiautomator2Driver@702b][0m Restoring hidden api policy to the device default configuration
[38;5;177m[fa99a982][0m[38;5;229m[ADB][0m Running 'C:\Users\User\AppData\Local\Android\Sdk\platform-tools\adb.exe -P 5037 -s emulator-5554 shell 'settings delete global hidden_api_policy_pre_p_apps;settings delete global hidden_api_policy_p_apps;settings delete global hidden_api_policy''
[38;5;177m[fa99a982][0m[38;5;89m[AppiumDriver@0c48][0m Event 'quitSessionFinished' logged at 1721546653262 (12:54:13 GMT+0530 (India Standard Time))
[38;5;177m[fa99a982][0m[38;5;89m[AppiumDriver@0c48][0m Received response: null
[38;5;177m[fa99a982][0m[38;5;89m[AppiumDriver@0c48][0m But deleting session, so not returning
[38;5;177m[fa99a982][0m[38;5;89m[AppiumDriver@0c48][0m Responding to client with driver.deleteSession() result: null
[38;5;177m[fa99a982][0m[38;5;86m[HTTP][0m [37m<-- DELETE /session/fa99a982-9b2c-4be8-b250-9af8d62ce905 [39m[32m200[39m [90m3408 ms - 14[39m [90m[39m
